<?xml version="1.0" encoding="UTF-8"?>
<testsuite name="com.example.demo.servicios.MeterVehiculoTest" tests="21" skipped="0" failures="0" errors="0" timestamp="2018-03-06T13:39:43" hostname="ALEJANDRO-ALZATE" time="0.687">
  <properties/>
  <testcase name="testActualizarfactura" classname="com.example.demo.servicios.MeterVehiculoTest" time="0.359"/>
  <testcase name="testVerificarPlacaQueEmpiezaPorAyEsunDiaHabil" classname="com.example.demo.servicios.MeterVehiculoTest" time="0.016"/>
  <testcase name="testVerificarIngresoDeFacturaABaseDeDatos" classname="com.example.demo.servicios.MeterVehiculoTest" time="0.015"/>
  <testcase name="testVerificarPlacaQueNoEmpiezaPorAYEsunDiaHabil" classname="com.example.demo.servicios.MeterVehiculoTest" time="0.0"/>
  <testcase name="testCostoParaMotoConCilindrajeMayorA500" classname="com.example.demo.servicios.MeterVehiculoTest" time="0.015"/>
  <testcase name="testTiempoDeEstadiaEnElParqueaderoConDiferenciaDeMesesYDias" classname="com.example.demo.servicios.MeterVehiculoTest" time="0.016"/>
  <testcase name="testVerificarPlacaQueEmpiezaPorAyNoEsunDiaHabil" classname="com.example.demo.servicios.MeterVehiculoTest" time="0.016"/>
  <testcase name="testCostoParaCarroConUnDiaExacto" classname="com.example.demo.servicios.MeterVehiculoTest" time="0.015"/>
  <testcase name="testVerificarPlacaQueNoEmpiezaPorAYNoEsunDiaHabil" classname="com.example.demo.servicios.MeterVehiculoTest" time="0.016"/>
  <testcase name="testCostoParaMotoConUnDiaExactoYCilindrajeMayorA500" classname="com.example.demo.servicios.MeterVehiculoTest" time="0.016"/>
  <testcase name="testListAllVehiculos" classname="com.example.demo.servicios.MeterVehiculoTest" time="0.062"/>
  <testcase name="testCostoParaMotoConNueveHoras" classname="com.example.demo.servicios.MeterVehiculoTest" time="0.0"/>
  <testcase name="testVerificarCeldasDisponiblesEnMoto" classname="com.example.demo.servicios.MeterVehiculoTest" time="0.016"/>
  <testcase name="testVerificarIngresoDeCarroAlParqueadero" classname="com.example.demo.servicios.MeterVehiculoTest" time="0.015"/>
  <testcase name="testTiempoDeEstadiaEnElParqueaderoConDiferenciaDeDiasYMinutos" classname="com.example.demo.servicios.MeterVehiculoTest" time="0.0"/>
  <testcase name="testCostoParaMotoConUnDiaExactoYCilindrajeMenorA500" classname="com.example.demo.servicios.MeterVehiculoTest" time="0.016"/>
  <testcase name="testVerificarIngresoDeMotoAlParqueadero" classname="com.example.demo.servicios.MeterVehiculoTest" time="0.015"/>
  <testcase name="testTiempoDeEstadiaEnElParqueaderoConDiferenciaDeMinutos" classname="com.example.demo.servicios.MeterVehiculoTest" time="0.016"/>
  <testcase name="testCostoParaCarroQueEstuvoUnMinuto" classname="com.example.demo.servicios.MeterVehiculoTest" time="0.015"/>
  <testcase name="testCarroYaIngresado" classname="com.example.demo.servicios.MeterVehiculoTest" time="0.016"/>
  <testcase name="testVerificarCeldasDisponiblesParaEnCarro" classname="com.example.demo.servicios.MeterVehiculoTest" time="0.0"/>
  <system-out><![CDATA[08:39:36.935 [Test worker] DEBUG org.springframework.test.context.junit4.SpringJUnit4ClassRunner - SpringJUnit4ClassRunner constructor called with [class com.example.demo.servicios.MeterVehiculoTest]
08:39:36.950 [Test worker] DEBUG org.springframework.test.context.BootstrapUtils - Instantiating CacheAwareContextLoaderDelegate from class [org.springframework.test.context.cache.DefaultCacheAwareContextLoaderDelegate]
08:39:36.950 [Test worker] DEBUG org.springframework.test.context.BootstrapUtils - Instantiating BootstrapContext using constructor [public org.springframework.test.context.support.DefaultBootstrapContext(java.lang.Class,org.springframework.test.context.CacheAwareContextLoaderDelegate)]
08:39:36.982 [Test worker] DEBUG org.springframework.test.context.BootstrapUtils - Instantiating TestContextBootstrapper for test class [com.example.demo.servicios.MeterVehiculoTest] from class [org.springframework.boot.test.context.SpringBootTestContextBootstrapper]
08:39:36.997 [Test worker] INFO org.springframework.boot.test.context.SpringBootTestContextBootstrapper - Neither @ContextConfiguration nor @ContextHierarchy found for test class [com.example.demo.servicios.MeterVehiculoTest], using SpringBootContextLoader
08:39:37.013 [Test worker] DEBUG org.springframework.test.context.support.AbstractContextLoader - Did not detect default resource location for test class [com.example.demo.servicios.MeterVehiculoTest]: class path resource [com/example/demo/servicios/MeterVehiculoTest-context.xml] does not exist
08:39:37.013 [Test worker] DEBUG org.springframework.test.context.support.AbstractContextLoader - Did not detect default resource location for test class [com.example.demo.servicios.MeterVehiculoTest]: class path resource [com/example/demo/servicios/MeterVehiculoTestContext.groovy] does not exist
08:39:37.013 [Test worker] INFO org.springframework.test.context.support.AbstractContextLoader - Could not detect default resource locations for test class [com.example.demo.servicios.MeterVehiculoTest]: no resource found for suffixes {-context.xml, Context.groovy}.
08:39:37.091 [Test worker] DEBUG org.springframework.test.context.support.ActiveProfilesUtils - Could not find an 'annotation declaring class' for annotation type [org.springframework.test.context.ActiveProfiles] and class [com.example.demo.servicios.MeterVehiculoTest]
08:39:37.122 [Test worker] DEBUG org.springframework.boot.test.context.SpringBootTestContextBootstrapper - @TestExecutionListeners is not present for class [com.example.demo.servicios.MeterVehiculoTest]: using defaults.
08:39:37.138 [Test worker] INFO org.springframework.boot.test.context.SpringBootTestContextBootstrapper - Loaded default TestExecutionListener class names from location [META-INF/spring.factories]: [org.springframework.boot.test.mock.mockito.MockitoTestExecutionListener, org.springframework.boot.test.mock.mockito.ResetMocksTestExecutionListener, org.springframework.boot.test.autoconfigure.restdocs.RestDocsTestExecutionListener, org.springframework.boot.test.autoconfigure.web.client.MockRestServiceServerResetTestExecutionListener, org.springframework.boot.test.autoconfigure.web.servlet.MockMvcPrintOnlyOnFailureTestExecutionListener, org.springframework.boot.test.autoconfigure.web.servlet.WebDriverTestExecutionListener, org.springframework.test.context.web.ServletTestExecutionListener, org.springframework.test.context.support.DirtiesContextBeforeModesTestExecutionListener, org.springframework.test.context.support.DependencyInjectionTestExecutionListener, org.springframework.test.context.support.DirtiesContextTestExecutionListener, org.springframework.test.context.transaction.TransactionalTestExecutionListener, org.springframework.test.context.jdbc.SqlScriptsTestExecutionListener]
08:39:37.169 [Test worker] INFO org.springframework.boot.test.context.SpringBootTestContextBootstrapper - Using TestExecutionListeners: [org.springframework.test.context.web.ServletTestExecutionListener@18e4d2b4, org.springframework.test.context.support.DirtiesContextBeforeModesTestExecutionListener@726043eb, org.springframework.boot.test.autoconfigure.SpringBootDependencyInjectionTestExecutionListener@52e17d4, org.springframework.test.context.support.DirtiesContextTestExecutionListener@3db7a50, org.springframework.test.context.transaction.TransactionalTestExecutionListener@3d9469ed, org.springframework.test.context.jdbc.SqlScriptsTestExecutionListener@4d9b1aaf, org.springframework.boot.test.mock.mockito.ResetMocksTestExecutionListener@387e247f, org.springframework.boot.test.autoconfigure.web.servlet.MockMvcPrintOnlyOnFailureTestExecutionListener@602fc0da, org.springframework.boot.test.mock.mockito.MockitoTestExecutionListener@7eea0633, org.springframework.boot.test.autoconfigure.restdocs.RestDocsTestExecutionListener@6bb13523, org.springframework.boot.test.autoconfigure.web.client.MockRestServiceServerResetTestExecutionListener@22a5a9f6, org.springframework.boot.test.autoconfigure.web.servlet.WebDriverTestExecutionListener@3c128468]
08:39:37.169 [Test worker] DEBUG org.springframework.test.annotation.ProfileValueUtils - Retrieved @ProfileValueSourceConfiguration [null] for test class [com.example.demo.servicios.MeterVehiculoTest]
08:39:37.169 [Test worker] DEBUG org.springframework.test.annotation.ProfileValueUtils - Retrieved ProfileValueSource type [class org.springframework.test.annotation.SystemProfileValueSource] for class [com.example.demo.servicios.MeterVehiculoTest]
08:39:37.169 [Test worker] DEBUG org.springframework.test.annotation.ProfileValueUtils - Retrieved @ProfileValueSourceConfiguration [null] for test class [com.example.demo.servicios.MeterVehiculoTest]
08:39:37.169 [Test worker] DEBUG org.springframework.test.annotation.ProfileValueUtils - Retrieved ProfileValueSource type [class org.springframework.test.annotation.SystemProfileValueSource] for class [com.example.demo.servicios.MeterVehiculoTest]
08:39:37.185 [Test worker] DEBUG org.springframework.test.context.support.AbstractDirtiesContextTestExecutionListener - Before test class: context [DefaultTestContext@1d3b03d testClass = MeterVehiculoTest, testInstance = [null], testMethod = [null], testException = [null], mergedContextConfiguration = [WebMergedContextConfiguration@54cb24a5 testClass = MeterVehiculoTest, locations = '{}', classes = '{class com.parqueadero.ParqueaderoApplication, class com.parqueadero.ParqueaderoApplication}', contextInitializerClasses = '[]', activeProfiles = '{}', propertySourceLocations = '{}', propertySourceProperties = '{org.springframework.boot.test.context.SpringBootTestContextBootstrapper=true}', contextCustomizers = set[org.springframework.boot.test.context.SpringBootTestContextCustomizer@666bfb6f, org.springframework.boot.test.context.filter.ExcludeFilterContextCustomizer@696b5a18, org.springframework.boot.test.json.DuplicateJsonObjectContextCustomizerFactory$DuplicateJsonObjectContextCustomizer@1111dc9c, org.springframework.boot.test.mock.mockito.MockitoContextCustomizer@0, org.springframework.boot.test.autoconfigure.properties.PropertyMappingContextCustomizer@0, org.springframework.boot.test.autoconfigure.web.servlet.WebDriverContextCustomizerFactory$Customizer@3bf20041], resourceBasePath = 'src/main/webapp', contextLoader = 'org.springframework.boot.test.context.SpringBootContextLoader', parent = [null]]], class annotated with @DirtiesContext [false] with mode [null].
08:39:37.185 [Test worker] DEBUG org.springframework.test.annotation.ProfileValueUtils - Retrieved @ProfileValueSourceConfiguration [null] for test class [com.example.demo.servicios.MeterVehiculoTest]
08:39:37.185 [Test worker] DEBUG org.springframework.test.annotation.ProfileValueUtils - Retrieved ProfileValueSource type [class org.springframework.test.annotation.SystemProfileValueSource] for class [com.example.demo.servicios.MeterVehiculoTest]
08:39:37.313 [Test worker] DEBUG org.springframework.core.env.StandardEnvironment - Adding PropertySource 'systemProperties' with lowest search precedence
08:39:37.313 [Test worker] DEBUG org.springframework.core.env.StandardEnvironment - Adding PropertySource 'systemEnvironment' with lowest search precedence
08:39:37.313 [Test worker] DEBUG org.springframework.core.env.StandardEnvironment - Initialized StandardEnvironment with PropertySources [MapPropertySource@451364237 {name='systemProperties', properties={java.runtime.name=Java(TM) SE Runtime Environment, sun.boot.library.path=C:\Program Files\Java\jdk1.8.0_161\jre\bin, java.vm.version=25.161-b12, java.vm.vendor=Oracle Corporation, java.vendor.url=http://java.oracle.com/, path.separator=;, java.vm.name=Java HotSpot(TM) 64-Bit Server VM, file.encoding.pkg=sun.io, user.script=, sun.java.launcher=SUN_STANDARD, user.country=US, sun.os.patch.level=, java.vm.specification.name=Java Virtual Machine Specification, user.dir=C:\Users\alejandro.alzate\Documents\repositorio\parqueadero\taller2, java.runtime.version=1.8.0_161-b12, java.awt.graphicsenv=sun.awt.Win32GraphicsEnvironment, java.endorsed.dirs=C:\Program Files\Java\jdk1.8.0_161\jre\lib\endorsed, os.arch=amd64, java.io.tmpdir=C:\Users\ALEJAN~1.ALZ\AppData\Local\Temp\, line.separator=
, java.vm.specification.vendor=Oracle Corporation, user.variant=, os.name=Windows 10, sun.jnu.encoding=Cp1252, java.library.path=C:\Program Files\Java\jdk1.8.0_161\bin;C:\Windows\Sun\Java\bin;C:\Windows\system32;C:\Windows;C:/Program Files/Java/jre1.8.0_161/bin/server;C:/Program Files/Java/jre1.8.0_161/bin;C:/Program Files/Java/jre1.8.0_161/lib/amd64;C:\ProgramData\Oracle\Java\javapath;C:\Oracle\product\11.1.0\client_1\bin;C:\Program Files\CollabNet\Subversion Client;C:\Windows\system32;C:\Windows;C:\Windows\System32\Wbem;C:\Windows\System32\WindowsPowerShell\v1.0\;C:\Program Files\TortoiseSVN\bin;C:\Program Files\Git\cmd;C:\ProgramData\chocolatey\bin;C:\Program Files\PuTTY\;C:\Program Files\nodejs\;C:\Users\alejandro.alzate\AppData\Local\Microsoft\WindowsApps;C:\Users\alejandro.alzate\AppData\Roaming\npm;C:\Program Files\Microsoft VS Code\bin;C:\Windows\System32;;., java.specification.name=Java Platform API Specification, java.class.version=52.0, sun.management.compiler=HotSpot 64-Bit Tiered Compilers, os.version=10.0, user.home=C:\Users\alejandro.alzate, user.timezone=America/Bogota, java.awt.printerjob=sun.awt.windows.WPrinterJob, file.encoding=windows-1252, java.specification.version=1.8, java.class.path=C:\Users\alejandro.alzate\Documents\repositorio\parqueadero\taller2\build\classes\test;C:\Users\alejandro.alzate\Documents\repositorio\parqueadero\taller2\build\resources\test;C:\Users\alejandro.alzate\Documents\repositorio\parqueadero\taller2\build\classes\main;C:\Users\alejandro.alzate\Documents\repositorio\parqueadero\taller2\build\resources\main;C:\Users\alejandro.alzate\.gradle\caches\modules-2\files-2.1\org.modelmapper\modelmapper\1.1.0\98b2cbf292dad9e284124e5d4c1f97771d9333a3\modelmapper-1.1.0.jar;C:\Users\alejandro.alzate\.gradle\caches\modules-2\files-2.1\org.springframework.boot\spring-boot-starter-data-jpa\1.5.9.RELEASE\8628320876aa12cc406216523effe954fbd354c0\spring-boot-starter-data-jpa-1.5.9.RELEASE.jar;C:\Users\alejandro.alzate\.gradle\caches\modules-2\files-2.1\org.springframework.boot\spring-boot-starter-web\1.5.9.RELEASE\bda9733d5e6ba6d1a97deead1738713dc0631b3e\spring-boot-starter-web-1.5.9.RELEASE.jar;C:\Users\alejandro.alzate\.gradle\caches\modules-2\files-2.1\org.apache.tomcat.embed\tomcat-embed-jasper\8.5.23\92c6a7b2622d71d167107e43dd3a346fc59d86e0\tomcat-embed-jasper-8.5.23.jar;C:\Users\alejandro.alzate\.gradle\caches\modules-2\files-2.1\javax.servlet\jstl\1.2\74aca283cd4f4b4f3e425f5820cda58f44409547\jstl-1.2.jar;C:\Users\alejandro.alzate\.gradle\caches\modules-2\files-2.1\org.hibernate\hibernate-core\5.2.9.Final\284e5c769bbcc3fe1d4961f163b7360e6b4e2422\hibernate-core-5.2.9.Final.jar;C:\Users\alejandro.alzate\.gradle\caches\modules-2\files-2.1\mysql\mysql-connector-java\5.1.44\61b6b998192c85bb581c6be90e03dcd4b9079db4\mysql-connector-java-5.1.44.jar;C:\Users\alejandro.alzate\.gradle\caches\modules-2\files-2.1\org.springframework.boot\spring-boot-starter-test\1.5.9.RELEASE\b5adf6fbf53be00b7ae52f657d564122edbe5156\spring-boot-starter-test-1.5.9.RELEASE.jar;C:\Users\alejandro.alzate\.gradle\caches\modules-2\files-2.1\org.springframework.boot\spring-boot-starter\1.5.9.RELEASE\6bfb34db2715ee86c6e2337fa145650588b4b1b3\spring-boot-starter-1.5.9.RELEASE.jar;C:\Users\alejandro.alzate\.gradle\caches\modules-2\files-2.1\org.springframework.boot\spring-boot-starter-aop\1.5.9.RELEASE\fab419df8d7a13968a51ebfcbcad7ef320d66184\spring-boot-starter-aop-1.5.9.RELEASE.jar;C:\Users\alejandro.alzate\.gradle\caches\modules-2\files-2.1\org.springframework.boot\spring-boot-starter-jdbc\1.5.9.RELEASE\6769ecea55e952afb64f17975638c5afd1e59ef3\spring-boot-starter-jdbc-1.5.9.RELEASE.jar;C:\Users\alejandro.alzate\.gradle\caches\modules-2\files-2.1\org.hibernate\hibernate-entitymanager\5.0.12.Final\302a526f5058290e9cbd719a5caf9f248d344719\hibernate-entitymanager-5.0.12.Final.jar;C:\Users\alejandro.alzate\.gradle\caches\modules-2\files-2.1\javax.transaction\javax.transaction-api\1.2\d81aff979d603edd90dcd8db2abc1f4ce6479e3e\javax.transaction-api-1.2.jar;C:\Users\alejandro.alzate\.gradle\caches\modules-2\files-2.1\org.springframework.data\spring-data-jpa\1.11.9.RELEASE\64c80f12361d5b74cf98a3433b59a5c961d78d38\spring-data-jpa-1.11.9.RELEASE.jar;C:\Users\alejandro.alzate\.gradle\caches\modules-2\files-2.1\org.springframework\spring-aspects\4.3.13.RELEASE\c91788e6b7c431379d0f7fe5f85f427d7e3f01ae\spring-aspects-4.3.13.RELEASE.jar;C:\Users\alejandro.alzate\.gradle\caches\modules-2\files-2.1\org.springframework.boot\spring-boot-starter-tomcat\1.5.9.RELEASE\4615056f8a2bcad03ba8cdf410419ee3d101c5bb\spring-boot-starter-tomcat-1.5.9.RELEASE.jar;C:\Users\alejandro.alzate\.gradle\caches\modules-2\files-2.1\org.hibernate\hibernate-validator\5.3.6.Final\4c730be8bf55a8e9a61e79a2f2c079abf48b718\hibernate-validator-5.3.6.Final.jar;C:\Users\alejandro.alzate\.gradle\caches\modules-2\files-2.1\com.fasterxml.jackson.core\jackson-databind\2.8.10\f7b83cb2bc4b88d53961e749e1ad32f49ef017b7\jackson-databind-2.8.10.jar;C:\Users\alejandro.alzate\.gradle\caches\modules-2\files-2.1\org.springframework\spring-web\4.3.13.RELEASE\7cd084992d546165ede3e99bc31ee49c937f0ce7\spring-web-4.3.13.RELEASE.jar;C:\Users\alejandro.alzate\.gradle\caches\modules-2\files-2.1\org.springframework\spring-webmvc\4.3.13.RELEASE\87a095c7a1d13fe433ae6712787238c1dbaa6919\spring-webmvc-4.3.13.RELEASE.jar;C:\Users\alejandro.alzate\.gradle\caches\modules-2\files-2.1\org.apache.tomcat.embed\tomcat-embed-core\8.5.23\79261793a47f507890ee08f749b9d81774e4f7f0\tomcat-embed-core-8.5.23.jar;C:\Users\alejandro.alzate\.gradle\caches\modules-2\files-2.1\org.apache.tomcat.embed\tomcat-embed-el\8.5.23\98d979cde444dffa6d434c8377d0123b2dfa614c\tomcat-embed-el-8.5.23.jar;C:\Users\alejandro.alzate\.gradle\caches\modules-2\files-2.1\org.eclipse.jdt\ecj\3.12.3\ade950992eb3caf6ab4f1a88706c755f0bf213d9\ecj-3.12.3.jar;C:\Users\alejandro.alzate\.gradle\caches\modules-2\files-2.1\org.jboss.logging\jboss-logging\3.3.1.Final\c46217ab74b532568c0ed31dc599db3048bd1b67\jboss-logging-3.3.1.Final.jar;C:\Users\alejandro.alzate\.gradle\caches\modules-2\files-2.1\org.hibernate.javax.persistence\hibernate-jpa-2.1-api\1.0.0.Final\5e731d961297e5a07290bfaf3db1fbc8bbbf405a\hibernate-jpa-2.1-api-1.0.0.Final.jar;C:\Users\alejandro.alzate\.gradle\caches\modules-2\files-2.1\org.javassist\javassist\3.21.0-GA\598244f595db5c5fb713731eddbb1c91a58d959b\javassist-3.21.0-GA.jar;C:\Users\alejandro.alzate\.gradle\caches\modules-2\files-2.1\antlr\antlr\2.7.7\83cd2cd674a217ade95a4bb83a8a14f351f48bd0\antlr-2.7.7.jar;C:\Users\alejandro.alzate\.gradle\caches\modules-2\files-2.1\org.jboss.spec.javax.transaction\jboss-transaction-api_1.2_spec\1.0.1.Final\4441f144a2a1f46ed48fcc6b476a4b6295e6d524\jboss-transaction-api_1.2_spec-1.0.1.Final.jar;C:\Users\alejandro.alzate\.gradle\caches\modules-2\files-2.1\org.jboss\jandex\2.0.3.Final\bfc4d6257dbff7a33a357f0de116be6ff951d849\jandex-2.0.3.Final.jar;C:\Users\alejandro.alzate\.gradle\caches\modules-2\files-2.1\com.fasterxml\classmate\1.3.4\3d5f48f10bbe4eb7bd862f10c0583be2e0053c6\classmate-1.3.4.jar;C:\Users\alejandro.alzate\.gradle\caches\modules-2\files-2.1\dom4j\dom4j\1.6.1\5d3ccc056b6f056dbf0dddfdf43894b9065a8f94\dom4j-1.6.1.jar;C:\Users\alejandro.alzate\.gradle\caches\modules-2\files-2.1\org.hibernate.common\hibernate-commons-annotations\5.0.1.Final\71e1cff3fcb20d3b3af4f3363c3ddb24d33c6879\hibernate-commons-annotations-5.0.1.Final.jar;C:\Users\alejandro.alzate\.gradle\caches\modules-2\files-2.1\org.springframework.boot\spring-boot-test\1.5.9.RELEASE\7e604d56325f04a8b89a280e647746fc69e5a21f\spring-boot-test-1.5.9.RELEASE.jar;C:\Users\alejandro.alzate\.gradle\caches\modules-2\files-2.1\org.springframework.boot\spring-boot-test-autoconfigure\1.5.9.RELEASE\b428495e25b0531b2a977f51c5d29011c817b8ee\spring-boot-test-autoconfigure-1.5.9.RELEASE.jar;C:\Users\alejandro.alzate\.gradle\caches\modules-2\files-2.1\com.jayway.jsonpath\json-path\2.2.0\22290d17944bd239fabf5ac69005a60a7ecbbbcb\json-path-2.2.0.jar;C:\Users\alejandro.alzate\.gradle\caches\modules-2\files-2.1\junit\junit\4.12\2973d150c0dc1fefe998f834810d68f278ea58ec\junit-4.12.jar;C:\Users\alejandro.alzate\.gradle\caches\modules-2\files-2.1\org.assertj\assertj-core\2.6.0\b532c3fc4f66bcfee4989a3514f1cd56203a33ad\assertj-core-2.6.0.jar;C:\Users\alejandro.alzate\.gradle\caches\modules-2\files-2.1\org.mockito\mockito-core\1.10.19\e8546f5bef4e061d8dd73895b4e8f40e3fe6effe\mockito-core-1.10.19.jar;C:\Users\alejandro.alzate\.gradle\caches\modules-2\files-2.1\org.hamcrest\hamcrest-core\1.3\42a25dc3219429f0e5d060061f71acb49bf010a0\hamcrest-core-1.3.jar;C:\Users\alejandro.alzate\.gradle\caches\modules-2\files-2.1\org.hamcrest\hamcrest-library\1.3\4785a3c21320980282f9f33d0d1264a69040538f\hamcrest-library-1.3.jar;C:\Users\alejandro.alzate\.gradle\caches\modules-2\files-2.1\org.skyscreamer\jsonassert\1.4.0\9cdbb373a06f6513e51e8c545ee6a5e981463edb\jsonassert-1.4.0.jar;C:\Users\alejandro.alzate\.gradle\caches\modules-2\files-2.1\org.springframework\spring-core\4.3.13.RELEASE\eea18d7f4d01f1baa1b6728b678b5a6fe23c61f6\spring-core-4.3.13.RELEASE.jar;C:\Users\alejandro.alzate\.gradle\caches\modules-2\files-2.1\org.springframework\spring-test\4.3.13.RELEASE\f4ff71b0d628d37f334d4f1f197c1b8cea364d01\spring-test-4.3.13.RELEASE.jar;C:\Users\alejandro.alzate\.gradle\caches\modules-2\files-2.1\org.springframework.boot\spring-boot\1.5.9.RELEASE\f472cdf948288796fb31e0bb03f6e7b022b763a0\spring-boot-1.5.9.RELEASE.jar;C:\Users\alejandro.alzate\.gradle\caches\modules-2\files-2.1\org.springframework.boot\spring-boot-autoconfigure\1.5.9.RELEASE\88dd18bdaf317ae40971573a051fd47265f2ed39\spring-boot-autoconfigure-1.5.9.RELEASE.jar;C:\Users\alejandro.alzate\.gradle\caches\modules-2\files-2.1\org.springframework.boot\spring-boot-starter-logging\1.5.9.RELEASE\30fd62a1ce9639759d90d49608501082314c1628\spring-boot-starter-logging-1.5.9.RELEASE.jar;C:\Users\alejandro.alzate\.gradle\caches\modules-2\files-2.1\org.yaml\snakeyaml\1.17\7a27ea250c5130b2922b86dea63cbb1cc10a660c\snakeyaml-1.17.jar;C:\Users\alejandro.alzate\.gradle\caches\modules-2\files-2.1\org.springframework\spring-aop\4.3.13.RELEASE\61f427b55951f59b50f3c2bd0de3c48960e2a342\spring-aop-4.3.13.RELEASE.jar;C:\Users\alejandro.alzate\.gradle\caches\modules-2\files-2.1\org.aspectj\aspectjweaver\1.8.13\ad94df2a28d658a40dc27bbaff6a1ce5fbf04e9b\aspectjweaver-1.8.13.jar;C:\Users\alejandro.alzate\.gradle\caches\modules-2\files-2.1\org.apache.tomcat\tomcat-jdbc\8.5.23\6036400a8f2d90dd3ae3a4d09e5136c56002887b\tomcat-jdbc-8.5.23.jar;C:\Users\alejandro.alzate\.gradle\caches\modules-2\files-2.1\org.springframework\spring-jdbc\4.3.13.RELEASE\68e95c2a065641559c7dab7b605bc5847ab026ad\spring-jdbc-4.3.13.RELEASE.jar;C:\Users\alejandro.alzate\.gradle\caches\modules-2\files-2.1\org.springframework.data\spring-data-commons\1.13.9.RELEASE\3910a598235d2e9c1ca56f34c5e62bb5ce23778\spring-data-commons-1.13.9.RELEASE.jar;C:\Users\alejandro.alzate\.gradle\caches\modules-2\files-2.1\org.springframework\spring-orm\4.3.13.RELEASE\382d3ce044204947f8f2b3fa67a665d4e2bd346f\spring-orm-4.3.13.RELEASE.jar;C:\Users\alejandro.alzate\.gradle\caches\modules-2\files-2.1\org.springframework\spring-context\4.3.13.RELEASE\6ab1c189a13182fa3256f6bbc68fafdaf8f5a19e\spring-context-4.3.13.RELEASE.jar;C:\Users\alejandro.alzate\.gradle\caches\modules-2\files-2.1\org.springframework\spring-tx\4.3.13.RELEASE\6ebf7b3f2099fa884038d9d7bd44817ebd9c5b4a\spring-tx-4.3.13.RELEASE.jar;C:\Users\alejandro.alzate\.gradle\caches\modules-2\files-2.1\org.springframework\spring-beans\4.3.13.RELEASE\8613a7077722f1d97f8cb3fea4b0b40bfadf4496\spring-beans-4.3.13.RELEASE.jar;C:\Users\alejandro.alzate\.gradle\caches\modules-2\files-2.1\org.slf4j\slf4j-api\1.7.25\da76ca59f6a57ee3102f8f9bd9cee742973efa8a\slf4j-api-1.7.25.jar;C:\Users\alejandro.alzate\.gradle\caches\modules-2\files-2.1\org.slf4j\jcl-over-slf4j\1.7.25\f8c32b13ff142a513eeb5b6330b1588dcb2c0461\jcl-over-slf4j-1.7.25.jar;C:\Users\alejandro.alzate\.gradle\caches\modules-2\files-2.1\org.apache.tomcat.embed\tomcat-embed-websocket\8.5.23\52f07abcae10dc7e1764304b0877def175c2c833\tomcat-embed-websocket-8.5.23.jar;C:\Users\alejandro.alzate\.gradle\caches\modules-2\files-2.1\javax.validation\validation-api\1.1.0.Final\8613ae82954779d518631e05daa73a6a954817d5\validation-api-1.1.0.Final.jar;C:\Users\alejandro.alzate\.gradle\caches\modules-2\files-2.1\com.fasterxml.jackson.core\jackson-annotations\2.8.0\45b426f7796b741035581a176744d91090e2e6fb\jackson-annotations-2.8.0.jar;C:\Users\alejandro.alzate\.gradle\caches\modules-2\files-2.1\com.fasterxml.jackson.core\jackson-core\2.8.10\eb21a035c66ad307e66ec8fce37f5d50fd62d039\jackson-core-2.8.10.jar;C:\Users\alejandro.alzate\.gradle\caches\modules-2\files-2.1\org.springframework\spring-expression\4.3.13.RELEASE\da22bf7df1262e429b49653be6cd5b89b6affe5e\spring-expression-4.3.13.RELEASE.jar;C:\Users\alejandro.alzate\.gradle\caches\modules-2\files-2.1\org.apache.tomcat\tomcat-annotations-api\8.5.23\aaf17df9fe0240e9e9d5375d24d5f177174b73d9\tomcat-annotations-api-8.5.23.jar;C:\Users\alejandro.alzate\.gradle\caches\modules-2\files-2.1\net.minidev\json-smart\2.2.1\5b9e5df7a62d1279b70dc882b041d249c4f0b002\json-smart-2.2.1.jar;C:\Users\alejandro.alzate\.gradle\caches\modules-2\files-2.1\org.objenesis\objenesis\2.1\87c0ea803b69252868d09308b4618f766f135a96\objenesis-2.1.jar;C:\Users\alejandro.alzate\.gradle\caches\modules-2\files-2.1\com.vaadin.external.google\android-json\0.0.20131108.vaadin1\fa26d351fe62a6a17f5cda1287c1c6110dec413f\android-json-0.0.20131108.vaadin1.jar;C:\Users\alejandro.alzate\.gradle\caches\modules-2\files-2.1\ch.qos.logback\logback-classic\1.1.11\ccedfbacef4a6515d2983e3f89ed753d5d4fb665\logback-classic-1.1.11.jar;C:\Users\alejandro.alzate\.gradle\caches\modules-2\files-2.1\org.slf4j\jul-to-slf4j\1.7.25\af5364cd6679bfffb114f0dec8a157aaa283b76\jul-to-slf4j-1.7.25.jar;C:\Users\alejandro.alzate\.gradle\caches\modules-2\files-2.1\org.slf4j\log4j-over-slf4j\1.7.25\a87bb47468f47ee7aabbd54f93e133d4215769c3\log4j-over-slf4j-1.7.25.jar;C:\Users\alejandro.alzate\.gradle\caches\modules-2\files-2.1\org.apache.tomcat\tomcat-juli\8.5.23\98e7f0610b7b2fb8303f11be0210e3f5a56a7d55\tomcat-juli-8.5.23.jar;C:\Users\alejandro.alzate\.gradle\caches\modules-2\files-2.1\net.minidev\accessors-smart\1.1\a527213f2fea112a04c9bdf0ec0264e34104cd08\accessors-smart-1.1.jar;C:\Users\alejandro.alzate\.gradle\caches\modules-2\files-2.1\ch.qos.logback\logback-core\1.1.11\88b8df40340eed549fb07e2613879bf6b006704d\logback-core-1.1.11.jar;C:\Users\alejandro.alzate\.gradle\caches\modules-2\files-2.1\org.ow2.asm\asm\5.0.3\dcc2193db20e19e1feca8b1240dbbc4e190824fa\asm-5.0.3.jar, user.name=alejandro.alzate, java.vm.specification.version=1.8, sun.java.command=worker.org.gradle.process.internal.worker.GradleWorkerMain 'Gradle Test Executor 1', java.home=C:\Program Files\Java\jdk1.8.0_161\jre, sun.arch.data.model=64, user.language=en, java.specification.vendor=Oracle Corporation, awt.toolkit=sun.awt.windows.WToolkit, java.vm.info=mixed mode, java.version=1.8.0_161, java.ext.dirs=C:\Program Files\Java\jdk1.8.0_161\jre\lib\ext;C:\Windows\Sun\Java\lib\ext, sun.boot.class.path=C:\Program Files\Java\jdk1.8.0_161\jre\lib\resources.jar;C:\Program Files\Java\jdk1.8.0_161\jre\lib\rt.jar;C:\Program Files\Java\jdk1.8.0_161\jre\lib\sunrsasign.jar;C:\Program Files\Java\jdk1.8.0_161\jre\lib\jsse.jar;C:\Program Files\Java\jdk1.8.0_161\jre\lib\jce.jar;C:\Program Files\Java\jdk1.8.0_161\jre\lib\charsets.jar;C:\Program Files\Java\jdk1.8.0_161\jre\lib\jfr.jar;C:\Program Files\Java\jdk1.8.0_161\jre\classes, java.vendor=Oracle Corporation, org.gradle.test.worker=1, file.separator=\, java.vendor.url.bug=http://bugreport.sun.com/bugreport/, sun.io.unicode.encoding=UnicodeLittle, sun.cpu.endian=little, sun.desktop=windows, sun.cpu.isalist=amd64}}, SystemEnvironmentPropertySource@827789674 {name='systemEnvironment', properties={USERDOMAIN_ROAMINGPROFILE=CEIBA, LOCALAPPDATA=C:\Users\alejandro.alzate\AppData\Local, ChocolateyLastPathUpdate=Fri Jan 19 15:03:03 2018, PROCESSOR_LEVEL=6, USERDOMAIN=CEIBA, FPS_BROWSER_APP_PROFILE_STRING=Internet Explorer, LOGONSERVER=\\CRONOS, JAVA_HOME=C:\Program Files\Java\jdk1.8.0_161, SESSIONNAME=Console, ALLUSERSPROFILE=C:\ProgramData, PROCESSOR_ARCHITECTURE=AMD64, GRADLE_HOME=C:\ProgramData\chocolatey\lib\gradle\tools\gradle-4.4.1, PSModulePath=C:\Program Files\WindowsPowerShell\Modules;C:\Windows\system32\WindowsPowerShell\v1.0\Modules, SystemDrive=C:, OneDrive=C:\Users\alejandro.alzate\OneDrive, APPDATA=C:\Users\alejandro.alzate\AppData\Roaming, USERNAME=alejandro.alzate, ChocolateyInstall=C:\ProgramData\chocolatey, USERDNSDOMAIN=CEIBA.LOCAL, ProgramFiles(x86)=C:\Program Files (x86), CommonProgramFiles=C:\Program Files\Common Files, Path=C:/Program Files/Java/jre1.8.0_161/bin/server;C:/Program Files/Java/jre1.8.0_161/bin;C:/Program Files/Java/jre1.8.0_161/lib/amd64;C:\ProgramData\Oracle\Java\javapath;C:\Oracle\product\11.1.0\client_1\bin;C:\Program Files\CollabNet\Subversion Client;C:\Windows\system32;C:\Windows;C:\Windows\System32\Wbem;C:\Windows\System32\WindowsPowerShell\v1.0\;C:\Program Files\TortoiseSVN\bin;C:\Program Files\Git\cmd;C:\ProgramData\chocolatey\bin;C:\Program Files\PuTTY\;C:\Program Files\nodejs\;C:\Users\alejandro.alzate\AppData\Local\Microsoft\WindowsApps;C:\Users\alejandro.alzate\AppData\Roaming\npm;C:\Program Files\Microsoft VS Code\bin;C:\Windows\System32;, FPS_BROWSER_USER_PROFILE_STRING=Default, PATHEXT=.COM;.EXE;.BAT;.CMD;.VBS;.VBE;.JS;.JSE;.WSF;.WSH;.MSC, OS=Windows_NT, COMPUTERNAME=ALEJANDRO-ALZAT, PROCESSOR_REVISION=3a09, CommonProgramW6432=C:\Program Files\Common Files, ComSpec=C:\Windows\system32\cmd.exe, ProgramData=C:\ProgramData, ProgramW6432=C:\Program Files, HOMEPATH=\Users\alejandro.alzate, SystemRoot=C:\Windows, TEMP=C:\Users\ALEJAN~1.ALZ\AppData\Local\Temp, HOMEDRIVE=C:, PROCESSOR_IDENTIFIER=Intel64 Family 6 Model 58 Stepping 9, GenuineIntel, USERPROFILE=C:\Users\alejandro.alzate, TMP=C:\Users\ALEJAN~1.ALZ\AppData\Local\Temp, CommonProgramFiles(x86)=C:\Program Files (x86)\Common Files, ProgramFiles=C:\Program Files, PUBLIC=C:\Users\Public, NUMBER_OF_PROCESSORS=8, windir=C:\Windows, =::=::\}}]
08:39:37.313 [Test worker] DEBUG org.springframework.core.env.MutablePropertySources - Adding PropertySource 'inline' with highest search precedence
08:39:37.328 [Test worker] DEBUG org.springframework.test.context.support.TestPropertySourceUtils - Adding inlined properties to environment: {spring.jmx.enabled=false, org.springframework.boot.test.context.SpringBootTestContextBootstrapper=true, server.port=-1}
08:39:37.328 [Test worker] DEBUG org.springframework.core.env.StandardEnvironment - Adding PropertySource 'Inlined Test Properties' with highest search precedence

  .   ____          _            __ _ _
 /\\ / ___'_ __ _ _(_)_ __  __ _ \ \ \ \
( ( )\___ | '_ | '_| | '_ \/ _` | \ \ \ \
 \\/  ___)| |_)| | | | | || (_| |  ) ) ) )
  '  |____| .__|_| |_|_| |_\__, | / / / /
 =========|_|==============|___/=/_/_/_/
 :: Spring Boot ::        (v1.5.9.RELEASE)

2018-03-06 08:39:37.765  INFO 12280 --- [    Test worker] c.e.demo.servicios.MeterVehiculoTest     : Starting MeterVehiculoTest on ALEJANDRO-ALZATE with PID 12280 (started by alejandro.alzate in C:\Users\alejandro.alzate\Documents\repositorio\parqueadero\taller2)
2018-03-06 08:39:37.765  INFO 12280 --- [    Test worker] c.e.demo.servicios.MeterVehiculoTest     : No active profile set, falling back to default profiles: default
2018-03-06 08:39:37.844  INFO 12280 --- [    Test worker] o.s.w.c.s.GenericWebApplicationContext   : Refreshing org.springframework.web.context.support.GenericWebApplicationContext@67e79961: startup date [Tue Mar 06 08:39:37 COT 2018]; root of context hierarchy
2018-03-06 08:39:40.001  INFO 12280 --- [    Test worker] j.LocalContainerEntityManagerFactoryBean : Building JPA container EntityManagerFactory for persistence unit 'default'
2018-03-06 08:39:40.033  INFO 12280 --- [    Test worker] o.hibernate.jpa.internal.util.LogHelper  : HHH000204: Processing PersistenceUnitInfo [
	name: default
	...]
2018-03-06 08:39:40.173  INFO 12280 --- [    Test worker] org.hibernate.Version                    : HHH000412: Hibernate Core {5.2.9.Final}
2018-03-06 08:39:40.173  INFO 12280 --- [    Test worker] org.hibernate.cfg.Environment            : HHH000206: hibernate.properties not found
2018-03-06 08:39:40.336  INFO 12280 --- [    Test worker] o.hibernate.annotations.common.Version   : HCANN000001: Hibernate Commons Annotations {5.0.1.Final}
2018-03-06 08:39:40.860  INFO 12280 --- [    Test worker] org.hibernate.dialect.Dialect            : HHH000400: Using dialect: org.hibernate.dialect.MySQL5Dialect
2018-03-06 08:39:41.610  INFO 12280 --- [    Test worker] j.LocalContainerEntityManagerFactoryBean : Initialized JPA EntityManagerFactory for persistence unit 'default'
2018-03-06 08:39:42.012  INFO 12280 --- [    Test worker] c.p.services.impl.VigilanteServiceImpl   : Constructor
2018-03-06 08:39:42.712  INFO 12280 --- [    Test worker] s.w.s.m.m.a.RequestMappingHandlerAdapter : Looking for @ControllerAdvice: org.springframework.web.context.support.GenericWebApplicationContext@67e79961: startup date [Tue Mar 06 08:39:37 COT 2018]; root of context hierarchy
2018-03-06 08:39:42.821  INFO 12280 --- [    Test worker] s.w.s.m.m.a.RequestMappingHandlerMapping : Mapped "{[/parqueadero/listVehiculo],methods=[GET]}" onto public java.util.List<com.parqueadero.models.VehiculosAdentro> com.parqueadero.controllers.ParqueaderoController.listVehiculo()
2018-03-06 08:39:42.821  INFO 12280 --- [    Test worker] s.w.s.m.m.a.RequestMappingHandlerMapping : Mapped "{[/parqueadero/addCarro],methods=[POST]}" onto public void com.parqueadero.controllers.ParqueaderoController.addCarro(com.parqueadero.models.VehiculoModel)
2018-03-06 08:39:42.821  INFO 12280 --- [    Test worker] s.w.s.m.m.a.RequestMappingHandlerMapping : Mapped "{[/parqueadero/addMoto],methods=[POST]}" onto public void com.parqueadero.controllers.ParqueaderoController.addMoto(com.parqueadero.models.VehiculoModel)
2018-03-06 08:39:42.821  INFO 12280 --- [    Test worker] s.w.s.m.m.a.RequestMappingHandlerMapping : Mapped "{[/parqueadero/outVehiculo],methods=[PUT]}" onto public com.parqueadero.models.FacturaModel com.parqueadero.controllers.ParqueaderoController.outVehiculo(com.parqueadero.models.VehiculoModel)
2018-03-06 08:39:42.821  INFO 12280 --- [    Test worker] s.w.s.m.m.a.RequestMappingHandlerMapping : Mapped "{[/error]}" onto public org.springframework.http.ResponseEntity<java.util.Map<java.lang.String, java.lang.Object>> org.springframework.boot.autoconfigure.web.BasicErrorController.error(javax.servlet.http.HttpServletRequest)
2018-03-06 08:39:42.821  INFO 12280 --- [    Test worker] s.w.s.m.m.a.RequestMappingHandlerMapping : Mapped "{[/error],produces=[text/html]}" onto public org.springframework.web.servlet.ModelAndView org.springframework.boot.autoconfigure.web.BasicErrorController.errorHtml(javax.servlet.http.HttpServletRequest,javax.servlet.http.HttpServletResponse)
2018-03-06 08:39:42.868  INFO 12280 --- [    Test worker] o.s.w.s.handler.SimpleUrlHandlerMapping  : Mapped URL path [/webjars/**] onto handler of type [class org.springframework.web.servlet.resource.ResourceHttpRequestHandler]
2018-03-06 08:39:42.868  INFO 12280 --- [    Test worker] o.s.w.s.handler.SimpleUrlHandlerMapping  : Mapped URL path [/**] onto handler of type [class org.springframework.web.servlet.resource.ResourceHttpRequestHandler]
2018-03-06 08:39:42.931  INFO 12280 --- [    Test worker] o.s.w.s.handler.SimpleUrlHandlerMapping  : Mapped URL path [/**/favicon.ico] onto handler of type [class org.springframework.web.servlet.resource.ResourceHttpRequestHandler]
2018-03-06 08:39:43.303  INFO 12280 --- [    Test worker] c.e.demo.servicios.MeterVehiculoTest     : Started MeterVehiculoTest in 5.959 seconds (JVM running for 7.491)
2018-03-06 08:39:43.381  INFO 12280 --- [    Test worker] o.s.t.c.transaction.TransactionContext   : Began transaction (1) for test context [DefaultTestContext@1d3b03d testClass = MeterVehiculoTest, testInstance = com.example.demo.servicios.MeterVehiculoTest@22e935c3, testMethod = testActualizarfactura@MeterVehiculoTest, testException = [null], mergedContextConfiguration = [WebMergedContextConfiguration@54cb24a5 testClass = MeterVehiculoTest, locations = '{}', classes = '{class com.parqueadero.ParqueaderoApplication, class com.parqueadero.ParqueaderoApplication}', contextInitializerClasses = '[]', activeProfiles = '{}', propertySourceLocations = '{}', propertySourceProperties = '{org.springframework.boot.test.context.SpringBootTestContextBootstrapper=true}', contextCustomizers = set[org.springframework.boot.test.context.SpringBootTestContextCustomizer@666bfb6f, org.springframework.boot.test.context.filter.ExcludeFilterContextCustomizer@696b5a18, org.springframework.boot.test.json.DuplicateJsonObjectContextCustomizerFactory$DuplicateJsonObjectContextCustomizer@1111dc9c, org.springframework.boot.test.mock.mockito.MockitoContextCustomizer@0, org.springframework.boot.test.autoconfigure.properties.PropertyMappingContextCustomizer@0, org.springframework.boot.test.autoconfigure.web.servlet.WebDriverContextCustomizerFactory$Customizer@3bf20041], resourceBasePath = 'src/main/webapp', contextLoader = 'org.springframework.boot.test.context.SpringBootContextLoader', parent = [null]]]; transaction manager [org.springframework.orm.jpa.JpaTransactionManager@3e6815bb]; rollback [true]
Hibernate: insert into factura (cilindraje, estado, hora_ingreso, hora_salida, pago_total, placa, tipo_vehiculo) values (?, ?, ?, ?, ?, ?, ?)
2018-03-06 08:39:43.491  INFO 12280 --- [    Test worker] o.h.h.i.QueryTranslatorFactoryInitiator  : HHH000397: Using ASTQueryTranslatorFactory
Hibernate: select facturaent0_.id_factura as id_factu1_0_, facturaent0_.cilindraje as cilindra2_0_, facturaent0_.estado as estado3_0_, facturaent0_.hora_ingreso as hora_ing4_0_, facturaent0_.hora_salida as hora_sal5_0_, facturaent0_.pago_total as pago_tot6_0_, facturaent0_.placa as placa7_0_, facturaent0_.tipo_vehiculo as tipo_veh8_0_ from factura facturaent0_
Hibernate: select parqueader0_.id_parqueadero as id_parqu1_1_, parqueader0_.num_celdas_carro as num_celd2_1_, parqueader0_.num_celdas_moto as num_celd3_1_, parqueader0_.precio_dia_carro as precio_d4_1_, parqueader0_.precio_dia_moto as precio_d5_1_, parqueader0_.precio_hora_carro as precio_h6_1_, parqueader0_.precio_hora_moto as precio_h7_1_ from parqueadero parqueader0_ where parqueader0_.id_parqueadero=?
2018-03-06 08:39:43.725  INFO 12280 --- [    Test worker] o.s.t.c.transaction.TransactionContext   : Rolled back transaction for test context [DefaultTestContext@1d3b03d testClass = MeterVehiculoTest, testInstance = com.example.demo.servicios.MeterVehiculoTest@22e935c3, testMethod = testActualizarfactura@MeterVehiculoTest, testException = [null], mergedContextConfiguration = [WebMergedContextConfiguration@54cb24a5 testClass = MeterVehiculoTest, locations = '{}', classes = '{class com.parqueadero.ParqueaderoApplication, class com.parqueadero.ParqueaderoApplication}', contextInitializerClasses = '[]', activeProfiles = '{}', propertySourceLocations = '{}', propertySourceProperties = '{org.springframework.boot.test.context.SpringBootTestContextBootstrapper=true}', contextCustomizers = set[org.springframework.boot.test.context.SpringBootTestContextCustomizer@666bfb6f, org.springframework.boot.test.context.filter.ExcludeFilterContextCustomizer@696b5a18, org.springframework.boot.test.json.DuplicateJsonObjectContextCustomizerFactory$DuplicateJsonObjectContextCustomizer@1111dc9c, org.springframework.boot.test.mock.mockito.MockitoContextCustomizer@0, org.springframework.boot.test.autoconfigure.properties.PropertyMappingContextCustomizer@0, org.springframework.boot.test.autoconfigure.web.servlet.WebDriverContextCustomizerFactory$Customizer@3bf20041], resourceBasePath = 'src/main/webapp', contextLoader = 'org.springframework.boot.test.context.SpringBootContextLoader', parent = [null]]].
2018-03-06 08:39:43.725  INFO 12280 --- [    Test worker] o.s.t.c.transaction.TransactionContext   : Began transaction (1) for test context [DefaultTestContext@1d3b03d testClass = MeterVehiculoTest, testInstance = com.example.demo.servicios.MeterVehiculoTest@23593af2, testMethod = testVerificarPlacaQueEmpiezaPorAyEsunDiaHabil@MeterVehiculoTest, testException = [null], mergedContextConfiguration = [WebMergedContextConfiguration@54cb24a5 testClass = MeterVehiculoTest, locations = '{}', classes = '{class com.parqueadero.ParqueaderoApplication, class com.parqueadero.ParqueaderoApplication}', contextInitializerClasses = '[]', activeProfiles = '{}', propertySourceLocations = '{}', propertySourceProperties = '{org.springframework.boot.test.context.SpringBootTestContextBootstrapper=true}', contextCustomizers = set[org.springframework.boot.test.context.SpringBootTestContextCustomizer@666bfb6f, org.springframework.boot.test.context.filter.ExcludeFilterContextCustomizer@696b5a18, org.springframework.boot.test.json.DuplicateJsonObjectContextCustomizerFactory$DuplicateJsonObjectContextCustomizer@1111dc9c, org.springframework.boot.test.mock.mockito.MockitoContextCustomizer@0, org.springframework.boot.test.autoconfigure.properties.PropertyMappingContextCustomizer@0, org.springframework.boot.test.autoconfigure.web.servlet.WebDriverContextCustomizerFactory$Customizer@3bf20041], resourceBasePath = 'src/main/webapp', contextLoader = 'org.springframework.boot.test.context.SpringBootContextLoader', parent = [null]]]; transaction manager [org.springframework.orm.jpa.JpaTransactionManager@3e6815bb]; rollback [true]
Hibernate: select facturaent0_.id_factura as id_factu1_0_, facturaent0_.cilindraje as cilindra2_0_, facturaent0_.estado as estado3_0_, facturaent0_.hora_ingreso as hora_ing4_0_, facturaent0_.hora_salida as hora_sal5_0_, facturaent0_.pago_total as pago_tot6_0_, facturaent0_.placa as placa7_0_, facturaent0_.tipo_vehiculo as tipo_veh8_0_ from factura facturaent0_
Hibernate: select parqueader0_.id_parqueadero as id_parqu1_1_, parqueader0_.num_celdas_carro as num_celd2_1_, parqueader0_.num_celdas_moto as num_celd3_1_, parqueader0_.precio_dia_carro as precio_d4_1_, parqueader0_.precio_dia_moto as precio_d5_1_, parqueader0_.precio_hora_carro as precio_h6_1_, parqueader0_.precio_hora_moto as precio_h7_1_ from parqueadero parqueader0_ where parqueader0_.id_parqueadero=?
2018-03-06 08:39:43.741  INFO 12280 --- [    Test worker] o.s.t.c.transaction.TransactionContext   : Rolled back transaction for test context [DefaultTestContext@1d3b03d testClass = MeterVehiculoTest, testInstance = com.example.demo.servicios.MeterVehiculoTest@23593af2, testMethod = testVerificarPlacaQueEmpiezaPorAyEsunDiaHabil@MeterVehiculoTest, testException = [null], mergedContextConfiguration = [WebMergedContextConfiguration@54cb24a5 testClass = MeterVehiculoTest, locations = '{}', classes = '{class com.parqueadero.ParqueaderoApplication, class com.parqueadero.ParqueaderoApplication}', contextInitializerClasses = '[]', activeProfiles = '{}', propertySourceLocations = '{}', propertySourceProperties = '{org.springframework.boot.test.context.SpringBootTestContextBootstrapper=true}', contextCustomizers = set[org.springframework.boot.test.context.SpringBootTestContextCustomizer@666bfb6f, org.springframework.boot.test.context.filter.ExcludeFilterContextCustomizer@696b5a18, org.springframework.boot.test.json.DuplicateJsonObjectContextCustomizerFactory$DuplicateJsonObjectContextCustomizer@1111dc9c, org.springframework.boot.test.mock.mockito.MockitoContextCustomizer@0, org.springframework.boot.test.autoconfigure.properties.PropertyMappingContextCustomizer@0, org.springframework.boot.test.autoconfigure.web.servlet.WebDriverContextCustomizerFactory$Customizer@3bf20041], resourceBasePath = 'src/main/webapp', contextLoader = 'org.springframework.boot.test.context.SpringBootContextLoader', parent = [null]]].
2018-03-06 08:39:43.741  INFO 12280 --- [    Test worker] o.s.t.c.transaction.TransactionContext   : Began transaction (1) for test context [DefaultTestContext@1d3b03d testClass = MeterVehiculoTest, testInstance = com.example.demo.servicios.MeterVehiculoTest@65b541d2, testMethod = testVerificarIngresoDeFacturaABaseDeDatos@MeterVehiculoTest, testException = [null], mergedContextConfiguration = [WebMergedContextConfiguration@54cb24a5 testClass = MeterVehiculoTest, locations = '{}', classes = '{class com.parqueadero.ParqueaderoApplication, class com.parqueadero.ParqueaderoApplication}', contextInitializerClasses = '[]', activeProfiles = '{}', propertySourceLocations = '{}', propertySourceProperties = '{org.springframework.boot.test.context.SpringBootTestContextBootstrapper=true}', contextCustomizers = set[org.springframework.boot.test.context.SpringBootTestContextCustomizer@666bfb6f, org.springframework.boot.test.context.filter.ExcludeFilterContextCustomizer@696b5a18, org.springframework.boot.test.json.DuplicateJsonObjectContextCustomizerFactory$DuplicateJsonObjectContextCustomizer@1111dc9c, org.springframework.boot.test.mock.mockito.MockitoContextCustomizer@0, org.springframework.boot.test.autoconfigure.properties.PropertyMappingContextCustomizer@0, org.springframework.boot.test.autoconfigure.web.servlet.WebDriverContextCustomizerFactory$Customizer@3bf20041], resourceBasePath = 'src/main/webapp', contextLoader = 'org.springframework.boot.test.context.SpringBootContextLoader', parent = [null]]]; transaction manager [org.springframework.orm.jpa.JpaTransactionManager@3e6815bb]; rollback [true]
Hibernate: insert into factura (cilindraje, estado, hora_ingreso, hora_salida, pago_total, placa, tipo_vehiculo) values (?, ?, ?, ?, ?, ?, ?)
Hibernate: select facturaent0_.id_factura as id_factu1_0_, facturaent0_.cilindraje as cilindra2_0_, facturaent0_.estado as estado3_0_, facturaent0_.hora_ingreso as hora_ing4_0_, facturaent0_.hora_salida as hora_sal5_0_, facturaent0_.pago_total as pago_tot6_0_, facturaent0_.placa as placa7_0_, facturaent0_.tipo_vehiculo as tipo_veh8_0_ from factura facturaent0_ where facturaent0_.placa=? and facturaent0_.estado=?
Hibernate: select facturaent0_.id_factura as id_factu1_0_, facturaent0_.cilindraje as cilindra2_0_, facturaent0_.estado as estado3_0_, facturaent0_.hora_ingreso as hora_ing4_0_, facturaent0_.hora_salida as hora_sal5_0_, facturaent0_.pago_total as pago_tot6_0_, facturaent0_.placa as placa7_0_, facturaent0_.tipo_vehiculo as tipo_veh8_0_ from factura facturaent0_
Hibernate: select parqueader0_.id_parqueadero as id_parqu1_1_, parqueader0_.num_celdas_carro as num_celd2_1_, parqueader0_.num_celdas_moto as num_celd3_1_, parqueader0_.precio_dia_carro as precio_d4_1_, parqueader0_.precio_dia_moto as precio_d5_1_, parqueader0_.precio_hora_carro as precio_h6_1_, parqueader0_.precio_hora_moto as precio_h7_1_ from parqueadero parqueader0_ where parqueader0_.id_parqueadero=?
2018-03-06 08:39:43.756  INFO 12280 --- [    Test worker] o.s.t.c.transaction.TransactionContext   : Rolled back transaction for test context [DefaultTestContext@1d3b03d testClass = MeterVehiculoTest, testInstance = com.example.demo.servicios.MeterVehiculoTest@65b541d2, testMethod = testVerificarIngresoDeFacturaABaseDeDatos@MeterVehiculoTest, testException = [null], mergedContextConfiguration = [WebMergedContextConfiguration@54cb24a5 testClass = MeterVehiculoTest, locations = '{}', classes = '{class com.parqueadero.ParqueaderoApplication, class com.parqueadero.ParqueaderoApplication}', contextInitializerClasses = '[]', activeProfiles = '{}', propertySourceLocations = '{}', propertySourceProperties = '{org.springframework.boot.test.context.SpringBootTestContextBootstrapper=true}', contextCustomizers = set[org.springframework.boot.test.context.SpringBootTestContextCustomizer@666bfb6f, org.springframework.boot.test.context.filter.ExcludeFilterContextCustomizer@696b5a18, org.springframework.boot.test.json.DuplicateJsonObjectContextCustomizerFactory$DuplicateJsonObjectContextCustomizer@1111dc9c, org.springframework.boot.test.mock.mockito.MockitoContextCustomizer@0, org.springframework.boot.test.autoconfigure.properties.PropertyMappingContextCustomizer@0, org.springframework.boot.test.autoconfigure.web.servlet.WebDriverContextCustomizerFactory$Customizer@3bf20041], resourceBasePath = 'src/main/webapp', contextLoader = 'org.springframework.boot.test.context.SpringBootContextLoader', parent = [null]]].
2018-03-06 08:39:43.772  INFO 12280 --- [    Test worker] o.s.t.c.transaction.TransactionContext   : Began transaction (1) for test context [DefaultTestContext@1d3b03d testClass = MeterVehiculoTest, testInstance = com.example.demo.servicios.MeterVehiculoTest@7da7b074, testMethod = testVerificarPlacaQueNoEmpiezaPorAYEsunDiaHabil@MeterVehiculoTest, testException = [null], mergedContextConfiguration = [WebMergedContextConfiguration@54cb24a5 testClass = MeterVehiculoTest, locations = '{}', classes = '{class com.parqueadero.ParqueaderoApplication, class com.parqueadero.ParqueaderoApplication}', contextInitializerClasses = '[]', activeProfiles = '{}', propertySourceLocations = '{}', propertySourceProperties = '{org.springframework.boot.test.context.SpringBootTestContextBootstrapper=true}', contextCustomizers = set[org.springframework.boot.test.context.SpringBootTestContextCustomizer@666bfb6f, org.springframework.boot.test.context.filter.ExcludeFilterContextCustomizer@696b5a18, org.springframework.boot.test.json.DuplicateJsonObjectContextCustomizerFactory$DuplicateJsonObjectContextCustomizer@1111dc9c, org.springframework.boot.test.mock.mockito.MockitoContextCustomizer@0, org.springframework.boot.test.autoconfigure.properties.PropertyMappingContextCustomizer@0, org.springframework.boot.test.autoconfigure.web.servlet.WebDriverContextCustomizerFactory$Customizer@3bf20041], resourceBasePath = 'src/main/webapp', contextLoader = 'org.springframework.boot.test.context.SpringBootContextLoader', parent = [null]]]; transaction manager [org.springframework.orm.jpa.JpaTransactionManager@3e6815bb]; rollback [true]
Hibernate: select facturaent0_.id_factura as id_factu1_0_, facturaent0_.cilindraje as cilindra2_0_, facturaent0_.estado as estado3_0_, facturaent0_.hora_ingreso as hora_ing4_0_, facturaent0_.hora_salida as hora_sal5_0_, facturaent0_.pago_total as pago_tot6_0_, facturaent0_.placa as placa7_0_, facturaent0_.tipo_vehiculo as tipo_veh8_0_ from factura facturaent0_
Hibernate: select parqueader0_.id_parqueadero as id_parqu1_1_, parqueader0_.num_celdas_carro as num_celd2_1_, parqueader0_.num_celdas_moto as num_celd3_1_, parqueader0_.precio_dia_carro as precio_d4_1_, parqueader0_.precio_dia_moto as precio_d5_1_, parqueader0_.precio_hora_carro as precio_h6_1_, parqueader0_.precio_hora_moto as precio_h7_1_ from parqueadero parqueader0_ where parqueader0_.id_parqueadero=?
2018-03-06 08:39:43.772  INFO 12280 --- [    Test worker] o.s.t.c.transaction.TransactionContext   : Rolled back transaction for test context [DefaultTestContext@1d3b03d testClass = MeterVehiculoTest, testInstance = com.example.demo.servicios.MeterVehiculoTest@7da7b074, testMethod = testVerificarPlacaQueNoEmpiezaPorAYEsunDiaHabil@MeterVehiculoTest, testException = [null], mergedContextConfiguration = [WebMergedContextConfiguration@54cb24a5 testClass = MeterVehiculoTest, locations = '{}', classes = '{class com.parqueadero.ParqueaderoApplication, class com.parqueadero.ParqueaderoApplication}', contextInitializerClasses = '[]', activeProfiles = '{}', propertySourceLocations = '{}', propertySourceProperties = '{org.springframework.boot.test.context.SpringBootTestContextBootstrapper=true}', contextCustomizers = set[org.springframework.boot.test.context.SpringBootTestContextCustomizer@666bfb6f, org.springframework.boot.test.context.filter.ExcludeFilterContextCustomizer@696b5a18, org.springframework.boot.test.json.DuplicateJsonObjectContextCustomizerFactory$DuplicateJsonObjectContextCustomizer@1111dc9c, org.springframework.boot.test.mock.mockito.MockitoContextCustomizer@0, org.springframework.boot.test.autoconfigure.properties.PropertyMappingContextCustomizer@0, org.springframework.boot.test.autoconfigure.web.servlet.WebDriverContextCustomizerFactory$Customizer@3bf20041], resourceBasePath = 'src/main/webapp', contextLoader = 'org.springframework.boot.test.context.SpringBootContextLoader', parent = [null]]].
2018-03-06 08:39:43.772  INFO 12280 --- [    Test worker] o.s.t.c.transaction.TransactionContext   : Began transaction (1) for test context [DefaultTestContext@1d3b03d testClass = MeterVehiculoTest, testInstance = com.example.demo.servicios.MeterVehiculoTest@62916874, testMethod = testCostoParaMotoConCilindrajeMayorA500@MeterVehiculoTest, testException = [null], mergedContextConfiguration = [WebMergedContextConfiguration@54cb24a5 testClass = MeterVehiculoTest, locations = '{}', classes = '{class com.parqueadero.ParqueaderoApplication, class com.parqueadero.ParqueaderoApplication}', contextInitializerClasses = '[]', activeProfiles = '{}', propertySourceLocations = '{}', propertySourceProperties = '{org.springframework.boot.test.context.SpringBootTestContextBootstrapper=true}', contextCustomizers = set[org.springframework.boot.test.context.SpringBootTestContextCustomizer@666bfb6f, org.springframework.boot.test.context.filter.ExcludeFilterContextCustomizer@696b5a18, org.springframework.boot.test.json.DuplicateJsonObjectContextCustomizerFactory$DuplicateJsonObjectContextCustomizer@1111dc9c, org.springframework.boot.test.mock.mockito.MockitoContextCustomizer@0, org.springframework.boot.test.autoconfigure.properties.PropertyMappingContextCustomizer@0, org.springframework.boot.test.autoconfigure.web.servlet.WebDriverContextCustomizerFactory$Customizer@3bf20041], resourceBasePath = 'src/main/webapp', contextLoader = 'org.springframework.boot.test.context.SpringBootContextLoader', parent = [null]]]; transaction manager [org.springframework.orm.jpa.JpaTransactionManager@3e6815bb]; rollback [true]
Hibernate: select parqueader0_.id_parqueadero as id_parqu1_1_, parqueader0_.num_celdas_carro as num_celd2_1_, parqueader0_.num_celdas_moto as num_celd3_1_, parqueader0_.precio_dia_carro as precio_d4_1_, parqueader0_.precio_dia_moto as precio_d5_1_, parqueader0_.precio_hora_carro as precio_h6_1_, parqueader0_.precio_hora_moto as precio_h7_1_ from parqueadero parqueader0_ where parqueader0_.id_parqueadero=?
2018-03-06 08:39:43.787  INFO 12280 --- [    Test worker] c.p.services.impl.VigilanteServiceImpl   : METHOD: tiempoEstadia() -- PARAMS: fecha entradaSun Oct 06 02:00:00 COT 3918
2018-03-06 08:39:43.787  INFO 12280 --- [    Test worker] c.p.services.impl.VigilanteServiceImpl   : METHOD: tiempoEstadia() -- PARAMS: fecha salidaSun Oct 06 03:05:00 COT 3918
2018-03-06 08:39:43.787  INFO 12280 --- [    Test worker] c.p.services.impl.VigilanteServiceImpl   : METHOD: horas que se introducen al metodo 2
2018-03-06 08:39:43.787  INFO 12280 --- [    Test worker] c.p.services.impl.VigilanteServiceImpl   : METHOD: numero de dias que estuvo: 0-0
2018-03-06 08:39:43.787  INFO 12280 --- [    Test worker] c.p.services.impl.VigilanteServiceImpl   : METHOD: numero de horas por fuera de dias: 2
Hibernate: select facturaent0_.id_factura as id_factu1_0_, facturaent0_.cilindraje as cilindra2_0_, facturaent0_.estado as estado3_0_, facturaent0_.hora_ingreso as hora_ing4_0_, facturaent0_.hora_salida as hora_sal5_0_, facturaent0_.pago_total as pago_tot6_0_, facturaent0_.placa as placa7_0_, facturaent0_.tipo_vehiculo as tipo_veh8_0_ from factura facturaent0_
Hibernate: select parqueader0_.id_parqueadero as id_parqu1_1_, parqueader0_.num_celdas_carro as num_celd2_1_, parqueader0_.num_celdas_moto as num_celd3_1_, parqueader0_.precio_dia_carro as precio_d4_1_, parqueader0_.precio_dia_moto as precio_d5_1_, parqueader0_.precio_hora_carro as precio_h6_1_, parqueader0_.precio_hora_moto as precio_h7_1_ from parqueadero parqueader0_ where parqueader0_.id_parqueadero=?
2018-03-06 08:39:43.787  INFO 12280 --- [    Test worker] o.s.t.c.transaction.TransactionContext   : Rolled back transaction for test context [DefaultTestContext@1d3b03d testClass = MeterVehiculoTest, testInstance = com.example.demo.servicios.MeterVehiculoTest@62916874, testMethod = testCostoParaMotoConCilindrajeMayorA500@MeterVehiculoTest, testException = [null], mergedContextConfiguration = [WebMergedContextConfiguration@54cb24a5 testClass = MeterVehiculoTest, locations = '{}', classes = '{class com.parqueadero.ParqueaderoApplication, class com.parqueadero.ParqueaderoApplication}', contextInitializerClasses = '[]', activeProfiles = '{}', propertySourceLocations = '{}', propertySourceProperties = '{org.springframework.boot.test.context.SpringBootTestContextBootstrapper=true}', contextCustomizers = set[org.springframework.boot.test.context.SpringBootTestContextCustomizer@666bfb6f, org.springframework.boot.test.context.filter.ExcludeFilterContextCustomizer@696b5a18, org.springframework.boot.test.json.DuplicateJsonObjectContextCustomizerFactory$DuplicateJsonObjectContextCustomizer@1111dc9c, org.springframework.boot.test.mock.mockito.MockitoContextCustomizer@0, org.springframework.boot.test.autoconfigure.properties.PropertyMappingContextCustomizer@0, org.springframework.boot.test.autoconfigure.web.servlet.WebDriverContextCustomizerFactory$Customizer@3bf20041], resourceBasePath = 'src/main/webapp', contextLoader = 'org.springframework.boot.test.context.SpringBootContextLoader', parent = [null]]].
2018-03-06 08:39:43.787  INFO 12280 --- [    Test worker] o.s.t.c.transaction.TransactionContext   : Began transaction (1) for test context [DefaultTestContext@1d3b03d testClass = MeterVehiculoTest, testInstance = com.example.demo.servicios.MeterVehiculoTest@7ffaec05, testMethod = testTiempoDeEstadiaEnElParqueaderoConDiferenciaDeMesesYDias@MeterVehiculoTest, testException = [null], mergedContextConfiguration = [WebMergedContextConfiguration@54cb24a5 testClass = MeterVehiculoTest, locations = '{}', classes = '{class com.parqueadero.ParqueaderoApplication, class com.parqueadero.ParqueaderoApplication}', contextInitializerClasses = '[]', activeProfiles = '{}', propertySourceLocations = '{}', propertySourceProperties = '{org.springframework.boot.test.context.SpringBootTestContextBootstrapper=true}', contextCustomizers = set[org.springframework.boot.test.context.SpringBootTestContextCustomizer@666bfb6f, org.springframework.boot.test.context.filter.ExcludeFilterContextCustomizer@696b5a18, org.springframework.boot.test.json.DuplicateJsonObjectContextCustomizerFactory$DuplicateJsonObjectContextCustomizer@1111dc9c, org.springframework.boot.test.mock.mockito.MockitoContextCustomizer@0, org.springframework.boot.test.autoconfigure.properties.PropertyMappingContextCustomizer@0, org.springframework.boot.test.autoconfigure.web.servlet.WebDriverContextCustomizerFactory$Customizer@3bf20041], resourceBasePath = 'src/main/webapp', contextLoader = 'org.springframework.boot.test.context.SpringBootContextLoader', parent = [null]]]; transaction manager [org.springframework.orm.jpa.JpaTransactionManager@3e6815bb]; rollback [true]
2018-03-06 08:39:43.787  INFO 12280 --- [    Test worker] c.p.services.impl.VigilanteServiceImpl   : METHOD: tiempoEstadia() -- PARAMS: fecha entradaSun Oct 06 03:00:00 COT 3918
2018-03-06 08:39:43.787  INFO 12280 --- [    Test worker] c.p.services.impl.VigilanteServiceImpl   : METHOD: tiempoEstadia() -- PARAMS: fecha salidaThu Nov 07 03:00:00 COT 3918
Hibernate: select facturaent0_.id_factura as id_factu1_0_, facturaent0_.cilindraje as cilindra2_0_, facturaent0_.estado as estado3_0_, facturaent0_.hora_ingreso as hora_ing4_0_, facturaent0_.hora_salida as hora_sal5_0_, facturaent0_.pago_total as pago_tot6_0_, facturaent0_.placa as placa7_0_, facturaent0_.tipo_vehiculo as tipo_veh8_0_ from factura facturaent0_
Hibernate: select parqueader0_.id_parqueadero as id_parqu1_1_, parqueader0_.num_celdas_carro as num_celd2_1_, parqueader0_.num_celdas_moto as num_celd3_1_, parqueader0_.precio_dia_carro as precio_d4_1_, parqueader0_.precio_dia_moto as precio_d5_1_, parqueader0_.precio_hora_carro as precio_h6_1_, parqueader0_.precio_hora_moto as precio_h7_1_ from parqueadero parqueader0_ where parqueader0_.id_parqueadero=?
2018-03-06 08:39:43.803  INFO 12280 --- [    Test worker] o.s.t.c.transaction.TransactionContext   : Rolled back transaction for test context [DefaultTestContext@1d3b03d testClass = MeterVehiculoTest, testInstance = com.example.demo.servicios.MeterVehiculoTest@7ffaec05, testMethod = testTiempoDeEstadiaEnElParqueaderoConDiferenciaDeMesesYDias@MeterVehiculoTest, testException = [null], mergedContextConfiguration = [WebMergedContextConfiguration@54cb24a5 testClass = MeterVehiculoTest, locations = '{}', classes = '{class com.parqueadero.ParqueaderoApplication, class com.parqueadero.ParqueaderoApplication}', contextInitializerClasses = '[]', activeProfiles = '{}', propertySourceLocations = '{}', propertySourceProperties = '{org.springframework.boot.test.context.SpringBootTestContextBootstrapper=true}', contextCustomizers = set[org.springframework.boot.test.context.SpringBootTestContextCustomizer@666bfb6f, org.springframework.boot.test.context.filter.ExcludeFilterContextCustomizer@696b5a18, org.springframework.boot.test.json.DuplicateJsonObjectContextCustomizerFactory$DuplicateJsonObjectContextCustomizer@1111dc9c, org.springframework.boot.test.mock.mockito.MockitoContextCustomizer@0, org.springframework.boot.test.autoconfigure.properties.PropertyMappingContextCustomizer@0, org.springframework.boot.test.autoconfigure.web.servlet.WebDriverContextCustomizerFactory$Customizer@3bf20041], resourceBasePath = 'src/main/webapp', contextLoader = 'org.springframework.boot.test.context.SpringBootContextLoader', parent = [null]]].
2018-03-06 08:39:43.803  INFO 12280 --- [    Test worker] o.s.t.c.transaction.TransactionContext   : Began transaction (1) for test context [DefaultTestContext@1d3b03d testClass = MeterVehiculoTest, testInstance = com.example.demo.servicios.MeterVehiculoTest@30c1336b, testMethod = testVerificarPlacaQueEmpiezaPorAyNoEsunDiaHabil@MeterVehiculoTest, testException = [null], mergedContextConfiguration = [WebMergedContextConfiguration@54cb24a5 testClass = MeterVehiculoTest, locations = '{}', classes = '{class com.parqueadero.ParqueaderoApplication, class com.parqueadero.ParqueaderoApplication}', contextInitializerClasses = '[]', activeProfiles = '{}', propertySourceLocations = '{}', propertySourceProperties = '{org.springframework.boot.test.context.SpringBootTestContextBootstrapper=true}', contextCustomizers = set[org.springframework.boot.test.context.SpringBootTestContextCustomizer@666bfb6f, org.springframework.boot.test.context.filter.ExcludeFilterContextCustomizer@696b5a18, org.springframework.boot.test.json.DuplicateJsonObjectContextCustomizerFactory$DuplicateJsonObjectContextCustomizer@1111dc9c, org.springframework.boot.test.mock.mockito.MockitoContextCustomizer@0, org.springframework.boot.test.autoconfigure.properties.PropertyMappingContextCustomizer@0, org.springframework.boot.test.autoconfigure.web.servlet.WebDriverContextCustomizerFactory$Customizer@3bf20041], resourceBasePath = 'src/main/webapp', contextLoader = 'org.springframework.boot.test.context.SpringBootContextLoader', parent = [null]]]; transaction manager [org.springframework.orm.jpa.JpaTransactionManager@3e6815bb]; rollback [true]
Hibernate: select facturaent0_.id_factura as id_factu1_0_, facturaent0_.cilindraje as cilindra2_0_, facturaent0_.estado as estado3_0_, facturaent0_.hora_ingreso as hora_ing4_0_, facturaent0_.hora_salida as hora_sal5_0_, facturaent0_.pago_total as pago_tot6_0_, facturaent0_.placa as placa7_0_, facturaent0_.tipo_vehiculo as tipo_veh8_0_ from factura facturaent0_
Hibernate: select parqueader0_.id_parqueadero as id_parqu1_1_, parqueader0_.num_celdas_carro as num_celd2_1_, parqueader0_.num_celdas_moto as num_celd3_1_, parqueader0_.precio_dia_carro as precio_d4_1_, parqueader0_.precio_dia_moto as precio_d5_1_, parqueader0_.precio_hora_carro as precio_h6_1_, parqueader0_.precio_hora_moto as precio_h7_1_ from parqueadero parqueader0_ where parqueader0_.id_parqueadero=?
2018-03-06 08:39:43.819  INFO 12280 --- [    Test worker] o.s.t.c.transaction.TransactionContext   : Rolled back transaction for test context [DefaultTestContext@1d3b03d testClass = MeterVehiculoTest, testInstance = com.example.demo.servicios.MeterVehiculoTest@30c1336b, testMethod = testVerificarPlacaQueEmpiezaPorAyNoEsunDiaHabil@MeterVehiculoTest, testException = [null], mergedContextConfiguration = [WebMergedContextConfiguration@54cb24a5 testClass = MeterVehiculoTest, locations = '{}', classes = '{class com.parqueadero.ParqueaderoApplication, class com.parqueadero.ParqueaderoApplication}', contextInitializerClasses = '[]', activeProfiles = '{}', propertySourceLocations = '{}', propertySourceProperties = '{org.springframework.boot.test.context.SpringBootTestContextBootstrapper=true}', contextCustomizers = set[org.springframework.boot.test.context.SpringBootTestContextCustomizer@666bfb6f, org.springframework.boot.test.context.filter.ExcludeFilterContextCustomizer@696b5a18, org.springframework.boot.test.json.DuplicateJsonObjectContextCustomizerFactory$DuplicateJsonObjectContextCustomizer@1111dc9c, org.springframework.boot.test.mock.mockito.MockitoContextCustomizer@0, org.springframework.boot.test.autoconfigure.properties.PropertyMappingContextCustomizer@0, org.springframework.boot.test.autoconfigure.web.servlet.WebDriverContextCustomizerFactory$Customizer@3bf20041], resourceBasePath = 'src/main/webapp', contextLoader = 'org.springframework.boot.test.context.SpringBootContextLoader', parent = [null]]].
2018-03-06 08:39:43.819  INFO 12280 --- [    Test worker] o.s.t.c.transaction.TransactionContext   : Began transaction (1) for test context [DefaultTestContext@1d3b03d testClass = MeterVehiculoTest, testInstance = com.example.demo.servicios.MeterVehiculoTest@69f42b38, testMethod = testCostoParaCarroConUnDiaExacto@MeterVehiculoTest, testException = [null], mergedContextConfiguration = [WebMergedContextConfiguration@54cb24a5 testClass = MeterVehiculoTest, locations = '{}', classes = '{class com.parqueadero.ParqueaderoApplication, class com.parqueadero.ParqueaderoApplication}', contextInitializerClasses = '[]', activeProfiles = '{}', propertySourceLocations = '{}', propertySourceProperties = '{org.springframework.boot.test.context.SpringBootTestContextBootstrapper=true}', contextCustomizers = set[org.springframework.boot.test.context.SpringBootTestContextCustomizer@666bfb6f, org.springframework.boot.test.context.filter.ExcludeFilterContextCustomizer@696b5a18, org.springframework.boot.test.json.DuplicateJsonObjectContextCustomizerFactory$DuplicateJsonObjectContextCustomizer@1111dc9c, org.springframework.boot.test.mock.mockito.MockitoContextCustomizer@0, org.springframework.boot.test.autoconfigure.properties.PropertyMappingContextCustomizer@0, org.springframework.boot.test.autoconfigure.web.servlet.WebDriverContextCustomizerFactory$Customizer@3bf20041], resourceBasePath = 'src/main/webapp', contextLoader = 'org.springframework.boot.test.context.SpringBootContextLoader', parent = [null]]]; transaction manager [org.springframework.orm.jpa.JpaTransactionManager@3e6815bb]; rollback [true]
Hibernate: select parqueader0_.id_parqueadero as id_parqu1_1_, parqueader0_.num_celdas_carro as num_celd2_1_, parqueader0_.num_celdas_moto as num_celd3_1_, parqueader0_.precio_dia_carro as precio_d4_1_, parqueader0_.precio_dia_moto as precio_d5_1_, parqueader0_.precio_hora_carro as precio_h6_1_, parqueader0_.precio_hora_moto as precio_h7_1_ from parqueadero parqueader0_ where parqueader0_.id_parqueadero=?
2018-03-06 08:39:43.819  INFO 12280 --- [    Test worker] c.p.services.impl.VigilanteServiceImpl   : METHOD: tiempoEstadia() -- PARAMS: fecha entradaSun Oct 06 03:00:00 COT 3918
2018-03-06 08:39:43.819  INFO 12280 --- [    Test worker] c.p.services.impl.VigilanteServiceImpl   : METHOD: tiempoEstadia() -- PARAMS: fecha salidaMon Oct 07 03:00:00 COT 3918
2018-03-06 08:39:43.819  INFO 12280 --- [    Test worker] c.p.services.impl.VigilanteServiceImpl   : METHOD: horas que se introducen al metodo 24
2018-03-06 08:39:43.819  INFO 12280 --- [    Test worker] c.p.services.impl.VigilanteServiceImpl   : METHOD: numero de dias que estuvo: 1-0
2018-03-06 08:39:43.819  INFO 12280 --- [    Test worker] c.p.services.impl.VigilanteServiceImpl   : METHOD: numero de horas por fuera de dias: 0
Hibernate: select facturaent0_.id_factura as id_factu1_0_, facturaent0_.cilindraje as cilindra2_0_, facturaent0_.estado as estado3_0_, facturaent0_.hora_ingreso as hora_ing4_0_, facturaent0_.hora_salida as hora_sal5_0_, facturaent0_.pago_total as pago_tot6_0_, facturaent0_.placa as placa7_0_, facturaent0_.tipo_vehiculo as tipo_veh8_0_ from factura facturaent0_
Hibernate: select parqueader0_.id_parqueadero as id_parqu1_1_, parqueader0_.num_celdas_carro as num_celd2_1_, parqueader0_.num_celdas_moto as num_celd3_1_, parqueader0_.precio_dia_carro as precio_d4_1_, parqueader0_.precio_dia_moto as precio_d5_1_, parqueader0_.precio_hora_carro as precio_h6_1_, parqueader0_.precio_hora_moto as precio_h7_1_ from parqueadero parqueader0_ where parqueader0_.id_parqueadero=?
2018-03-06 08:39:43.834  INFO 12280 --- [    Test worker] o.s.t.c.transaction.TransactionContext   : Rolled back transaction for test context [DefaultTestContext@1d3b03d testClass = MeterVehiculoTest, testInstance = com.example.demo.servicios.MeterVehiculoTest@69f42b38, testMethod = testCostoParaCarroConUnDiaExacto@MeterVehiculoTest, testException = [null], mergedContextConfiguration = [WebMergedContextConfiguration@54cb24a5 testClass = MeterVehiculoTest, locations = '{}', classes = '{class com.parqueadero.ParqueaderoApplication, class com.parqueadero.ParqueaderoApplication}', contextInitializerClasses = '[]', activeProfiles = '{}', propertySourceLocations = '{}', propertySourceProperties = '{org.springframework.boot.test.context.SpringBootTestContextBootstrapper=true}', contextCustomizers = set[org.springframework.boot.test.context.SpringBootTestContextCustomizer@666bfb6f, org.springframework.boot.test.context.filter.ExcludeFilterContextCustomizer@696b5a18, org.springframework.boot.test.json.DuplicateJsonObjectContextCustomizerFactory$DuplicateJsonObjectContextCustomizer@1111dc9c, org.springframework.boot.test.mock.mockito.MockitoContextCustomizer@0, org.springframework.boot.test.autoconfigure.properties.PropertyMappingContextCustomizer@0, org.springframework.boot.test.autoconfigure.web.servlet.WebDriverContextCustomizerFactory$Customizer@3bf20041], resourceBasePath = 'src/main/webapp', contextLoader = 'org.springframework.boot.test.context.SpringBootContextLoader', parent = [null]]].
2018-03-06 08:39:43.834  INFO 12280 --- [    Test worker] o.s.t.c.transaction.TransactionContext   : Began transaction (1) for test context [DefaultTestContext@1d3b03d testClass = MeterVehiculoTest, testInstance = com.example.demo.servicios.MeterVehiculoTest@59fdfdb0, testMethod = testVerificarPlacaQueNoEmpiezaPorAYNoEsunDiaHabil@MeterVehiculoTest, testException = [null], mergedContextConfiguration = [WebMergedContextConfiguration@54cb24a5 testClass = MeterVehiculoTest, locations = '{}', classes = '{class com.parqueadero.ParqueaderoApplication, class com.parqueadero.ParqueaderoApplication}', contextInitializerClasses = '[]', activeProfiles = '{}', propertySourceLocations = '{}', propertySourceProperties = '{org.springframework.boot.test.context.SpringBootTestContextBootstrapper=true}', contextCustomizers = set[org.springframework.boot.test.context.SpringBootTestContextCustomizer@666bfb6f, org.springframework.boot.test.context.filter.ExcludeFilterContextCustomizer@696b5a18, org.springframework.boot.test.json.DuplicateJsonObjectContextCustomizerFactory$DuplicateJsonObjectContextCustomizer@1111dc9c, org.springframework.boot.test.mock.mockito.MockitoContextCustomizer@0, org.springframework.boot.test.autoconfigure.properties.PropertyMappingContextCustomizer@0, org.springframework.boot.test.autoconfigure.web.servlet.WebDriverContextCustomizerFactory$Customizer@3bf20041], resourceBasePath = 'src/main/webapp', contextLoader = 'org.springframework.boot.test.context.SpringBootContextLoader', parent = [null]]]; transaction manager [org.springframework.orm.jpa.JpaTransactionManager@3e6815bb]; rollback [true]
Hibernate: select facturaent0_.id_factura as id_factu1_0_, facturaent0_.cilindraje as cilindra2_0_, facturaent0_.estado as estado3_0_, facturaent0_.hora_ingreso as hora_ing4_0_, facturaent0_.hora_salida as hora_sal5_0_, facturaent0_.pago_total as pago_tot6_0_, facturaent0_.placa as placa7_0_, facturaent0_.tipo_vehiculo as tipo_veh8_0_ from factura facturaent0_
Hibernate: select parqueader0_.id_parqueadero as id_parqu1_1_, parqueader0_.num_celdas_carro as num_celd2_1_, parqueader0_.num_celdas_moto as num_celd3_1_, parqueader0_.precio_dia_carro as precio_d4_1_, parqueader0_.precio_dia_moto as precio_d5_1_, parqueader0_.precio_hora_carro as precio_h6_1_, parqueader0_.precio_hora_moto as precio_h7_1_ from parqueadero parqueader0_ where parqueader0_.id_parqueadero=?
2018-03-06 08:39:43.850  INFO 12280 --- [    Test worker] o.s.t.c.transaction.TransactionContext   : Rolled back transaction for test context [DefaultTestContext@1d3b03d testClass = MeterVehiculoTest, testInstance = com.example.demo.servicios.MeterVehiculoTest@59fdfdb0, testMethod = testVerificarPlacaQueNoEmpiezaPorAYNoEsunDiaHabil@MeterVehiculoTest, testException = [null], mergedContextConfiguration = [WebMergedContextConfiguration@54cb24a5 testClass = MeterVehiculoTest, locations = '{}', classes = '{class com.parqueadero.ParqueaderoApplication, class com.parqueadero.ParqueaderoApplication}', contextInitializerClasses = '[]', activeProfiles = '{}', propertySourceLocations = '{}', propertySourceProperties = '{org.springframework.boot.test.context.SpringBootTestContextBootstrapper=true}', contextCustomizers = set[org.springframework.boot.test.context.SpringBootTestContextCustomizer@666bfb6f, org.springframework.boot.test.context.filter.ExcludeFilterContextCustomizer@696b5a18, org.springframework.boot.test.json.DuplicateJsonObjectContextCustomizerFactory$DuplicateJsonObjectContextCustomizer@1111dc9c, org.springframework.boot.test.mock.mockito.MockitoContextCustomizer@0, org.springframework.boot.test.autoconfigure.properties.PropertyMappingContextCustomizer@0, org.springframework.boot.test.autoconfigure.web.servlet.WebDriverContextCustomizerFactory$Customizer@3bf20041], resourceBasePath = 'src/main/webapp', contextLoader = 'org.springframework.boot.test.context.SpringBootContextLoader', parent = [null]]].
2018-03-06 08:39:43.850  INFO 12280 --- [    Test worker] o.s.t.c.transaction.TransactionContext   : Began transaction (1) for test context [DefaultTestContext@1d3b03d testClass = MeterVehiculoTest, testInstance = com.example.demo.servicios.MeterVehiculoTest@2b8ac769, testMethod = testCostoParaMotoConUnDiaExactoYCilindrajeMayorA500@MeterVehiculoTest, testException = [null], mergedContextConfiguration = [WebMergedContextConfiguration@54cb24a5 testClass = MeterVehiculoTest, locations = '{}', classes = '{class com.parqueadero.ParqueaderoApplication, class com.parqueadero.ParqueaderoApplication}', contextInitializerClasses = '[]', activeProfiles = '{}', propertySourceLocations = '{}', propertySourceProperties = '{org.springframework.boot.test.context.SpringBootTestContextBootstrapper=true}', contextCustomizers = set[org.springframework.boot.test.context.SpringBootTestContextCustomizer@666bfb6f, org.springframework.boot.test.context.filter.ExcludeFilterContextCustomizer@696b5a18, org.springframework.boot.test.json.DuplicateJsonObjectContextCustomizerFactory$DuplicateJsonObjectContextCustomizer@1111dc9c, org.springframework.boot.test.mock.mockito.MockitoContextCustomizer@0, org.springframework.boot.test.autoconfigure.properties.PropertyMappingContextCustomizer@0, org.springframework.boot.test.autoconfigure.web.servlet.WebDriverContextCustomizerFactory$Customizer@3bf20041], resourceBasePath = 'src/main/webapp', contextLoader = 'org.springframework.boot.test.context.SpringBootContextLoader', parent = [null]]]; transaction manager [org.springframework.orm.jpa.JpaTransactionManager@3e6815bb]; rollback [true]
Hibernate: select parqueader0_.id_parqueadero as id_parqu1_1_, parqueader0_.num_celdas_carro as num_celd2_1_, parqueader0_.num_celdas_moto as num_celd3_1_, parqueader0_.precio_dia_carro as precio_d4_1_, parqueader0_.precio_dia_moto as precio_d5_1_, parqueader0_.precio_hora_carro as precio_h6_1_, parqueader0_.precio_hora_moto as precio_h7_1_ from parqueadero parqueader0_ where parqueader0_.id_parqueadero=?
2018-03-06 08:39:43.850  INFO 12280 --- [    Test worker] c.p.services.impl.VigilanteServiceImpl   : METHOD: tiempoEstadia() -- PARAMS: fecha entradaSun Oct 06 03:00:00 COT 3918
2018-03-06 08:39:43.850  INFO 12280 --- [    Test worker] c.p.services.impl.VigilanteServiceImpl   : METHOD: tiempoEstadia() -- PARAMS: fecha salidaMon Oct 07 03:00:00 COT 3918
2018-03-06 08:39:43.850  INFO 12280 --- [    Test worker] c.p.services.impl.VigilanteServiceImpl   : METHOD: horas que se introducen al metodo 24
2018-03-06 08:39:43.850  INFO 12280 --- [    Test worker] c.p.services.impl.VigilanteServiceImpl   : METHOD: numero de dias que estuvo: 1-0
2018-03-06 08:39:43.850  INFO 12280 --- [    Test worker] c.p.services.impl.VigilanteServiceImpl   : METHOD: numero de horas por fuera de dias: 0
Hibernate: select facturaent0_.id_factura as id_factu1_0_, facturaent0_.cilindraje as cilindra2_0_, facturaent0_.estado as estado3_0_, facturaent0_.hora_ingreso as hora_ing4_0_, facturaent0_.hora_salida as hora_sal5_0_, facturaent0_.pago_total as pago_tot6_0_, facturaent0_.placa as placa7_0_, facturaent0_.tipo_vehiculo as tipo_veh8_0_ from factura facturaent0_
Hibernate: select parqueader0_.id_parqueadero as id_parqu1_1_, parqueader0_.num_celdas_carro as num_celd2_1_, parqueader0_.num_celdas_moto as num_celd3_1_, parqueader0_.precio_dia_carro as precio_d4_1_, parqueader0_.precio_dia_moto as precio_d5_1_, parqueader0_.precio_hora_carro as precio_h6_1_, parqueader0_.precio_hora_moto as precio_h7_1_ from parqueadero parqueader0_ where parqueader0_.id_parqueadero=?
2018-03-06 08:39:43.866  INFO 12280 --- [    Test worker] o.s.t.c.transaction.TransactionContext   : Rolled back transaction for test context [DefaultTestContext@1d3b03d testClass = MeterVehiculoTest, testInstance = com.example.demo.servicios.MeterVehiculoTest@2b8ac769, testMethod = testCostoParaMotoConUnDiaExactoYCilindrajeMayorA500@MeterVehiculoTest, testException = [null], mergedContextConfiguration = [WebMergedContextConfiguration@54cb24a5 testClass = MeterVehiculoTest, locations = '{}', classes = '{class com.parqueadero.ParqueaderoApplication, class com.parqueadero.ParqueaderoApplication}', contextInitializerClasses = '[]', activeProfiles = '{}', propertySourceLocations = '{}', propertySourceProperties = '{org.springframework.boot.test.context.SpringBootTestContextBootstrapper=true}', contextCustomizers = set[org.springframework.boot.test.context.SpringBootTestContextCustomizer@666bfb6f, org.springframework.boot.test.context.filter.ExcludeFilterContextCustomizer@696b5a18, org.springframework.boot.test.json.DuplicateJsonObjectContextCustomizerFactory$DuplicateJsonObjectContextCustomizer@1111dc9c, org.springframework.boot.test.mock.mockito.MockitoContextCustomizer@0, org.springframework.boot.test.autoconfigure.properties.PropertyMappingContextCustomizer@0, org.springframework.boot.test.autoconfigure.web.servlet.WebDriverContextCustomizerFactory$Customizer@3bf20041], resourceBasePath = 'src/main/webapp', contextLoader = 'org.springframework.boot.test.context.SpringBootContextLoader', parent = [null]]].
[...]
Hibernate: select parqueader0_.id_parqueadero as id_parqu1_1_, parqueader0_.num_celdas_carro as num_celd2_1_, parqueader0_.num_celdas_moto as num_celd3_1_, parqueader0_.precio_dia_carro as precio_d4_1_, parqueader0_.precio_dia_moto as precio_d5_1_, parqueader0_.precio_hora_carro as precio_h6_1_, parqueader0_.precio_hora_moto as precio_h7_1_ from parqueadero parqueader0_ where parqueader0_.id_parqueadero=?
2018-03-06 08:39:44.022  INFO 12280 --- [    Test worker] c.p.services.impl.VigilanteServiceImpl   : METHOD: tiempoEstadia() -- PARAMS: fecha entradaSun Oct 06 02:00:00 COT 3918
2018-03-06 08:39:44.022  INFO 12280 --- [    Test worker] c.p.services.impl.VigilanteServiceImpl   : METHOD: tiempoEstadia() -- PARAMS: fecha salidaSun Oct 06 03:02:00 COT 3918
2018-03-06 08:39:44.022  INFO 12280 --- [    Test worker] c.p.services.impl.VigilanteServiceImpl   : METHOD: horas que se introducen al metodo 2
2018-03-06 08:39:44.022  INFO 12280 --- [    Test worker] c.p.services.impl.VigilanteServiceImpl   : METHOD: numero de dias que estuvo: 0-0
2018-03-06 08:39:44.022  INFO 12280 --- [    Test worker] c.p.services.impl.VigilanteServiceImpl   : METHOD: numero de horas por fuera de dias: 2
Hibernate: select facturaent0_.id_factura as id_factu1_0_, facturaent0_.cilindraje as cilindra2_0_, facturaent0_.estado as estado3_0_, facturaent0_.hora_ingreso as hora_ing4_0_, facturaent0_.hora_salida as hora_sal5_0_, facturaent0_.pago_total as pago_tot6_0_, facturaent0_.placa as placa7_0_, facturaent0_.tipo_vehiculo as tipo_veh8_0_ from factura facturaent0_
Hibernate: select parqueader0_.id_parqueadero as id_parqu1_1_, parqueader0_.num_celdas_carro as num_celd2_1_, parqueader0_.num_celdas_moto as num_celd3_1_, parqueader0_.precio_dia_carro as precio_d4_1_, parqueader0_.precio_dia_moto as precio_d5_1_, parqueader0_.precio_hora_carro as precio_h6_1_, parqueader0_.precio_hora_moto as precio_h7_1_ from parqueadero parqueader0_ where parqueader0_.id_parqueadero=?
2018-03-06 08:39:44.037  INFO 12280 --- [    Test worker] o.s.t.c.transaction.TransactionContext   : Rolled back transaction for test context [DefaultTestContext@1d3b03d testClass = MeterVehiculoTest, testInstance = com.example.demo.servicios.MeterVehiculoTest@5166a050, testMethod = testCostoParaCarroQueEstuvoUnMinuto@MeterVehiculoTest, testException = [null], mergedContextConfiguration = [WebMergedContextConfiguration@54cb24a5 testClass = MeterVehiculoTest, locations = '{}', classes = '{class com.parqueadero.ParqueaderoApplication, class com.parqueadero.ParqueaderoApplication}', contextInitializerClasses = '[]', activeProfiles = '{}', propertySourceLocations = '{}', propertySourceProperties = '{org.springframework.boot.test.context.SpringBootTestContextBootstrapper=true}', contextCustomizers = set[org.springframework.boot.test.context.SpringBootTestContextCustomizer@666bfb6f, org.springframework.boot.test.context.filter.ExcludeFilterContextCustomizer@696b5a18, org.springframework.boot.test.json.DuplicateJsonObjectContextCustomizerFactory$DuplicateJsonObjectContextCustomizer@1111dc9c, org.springframework.boot.test.mock.mockito.MockitoContextCustomizer@0, org.springframework.boot.test.autoconfigure.properties.PropertyMappingContextCustomizer@0, org.springframework.boot.test.autoconfigure.web.servlet.WebDriverContextCustomizerFactory$Customizer@3bf20041], resourceBasePath = 'src/main/webapp', contextLoader = 'org.springframework.boot.test.context.SpringBootContextLoader', parent = [null]]].
2018-03-06 08:39:44.037  INFO 12280 --- [    Test worker] o.s.t.c.transaction.TransactionContext   : Began transaction (1) for test context [DefaultTestContext@1d3b03d testClass = MeterVehiculoTest, testInstance = com.example.demo.servicios.MeterVehiculoTest@78b1d2a6, testMethod = testCarroYaIngresado@MeterVehiculoTest, testException = [null], mergedContextConfiguration = [WebMergedContextConfiguration@54cb24a5 testClass = MeterVehiculoTest, locations = '{}', classes = '{class com.parqueadero.ParqueaderoApplication, class com.parqueadero.ParqueaderoApplication}', contextInitializerClasses = '[]', activeProfiles = '{}', propertySourceLocations = '{}', propertySourceProperties = '{org.springframework.boot.test.context.SpringBootTestContextBootstrapper=true}', contextCustomizers = set[org.springframework.boot.test.context.SpringBootTestContextCustomizer@666bfb6f, org.springframework.boot.test.context.filter.ExcludeFilterContextCustomizer@696b5a18, org.springframework.boot.test.json.DuplicateJsonObjectContextCustomizerFactory$DuplicateJsonObjectContextCustomizer@1111dc9c, org.springframework.boot.test.mock.mockito.MockitoContextCustomizer@0, org.springframework.boot.test.autoconfigure.properties.PropertyMappingContextCustomizer@0, org.springframework.boot.test.autoconfigure.web.servlet.WebDriverContextCustomizerFactory$Customizer@3bf20041], resourceBasePath = 'src/main/webapp', contextLoader = 'org.springframework.boot.test.context.SpringBootContextLoader', parent = [null]]]; transaction manager [org.springframework.orm.jpa.JpaTransactionManager@3e6815bb]; rollback [true]
Hibernate: select parqueader0_.id_parqueadero as id_parqu1_1_, parqueader0_.num_celdas_carro as num_celd2_1_, parqueader0_.num_celdas_moto as num_celd3_1_, parqueader0_.precio_dia_carro as precio_d4_1_, parqueader0_.precio_dia_moto as precio_d5_1_, parqueader0_.precio_hora_carro as precio_h6_1_, parqueader0_.precio_hora_moto as precio_h7_1_ from parqueadero parqueader0_ where parqueader0_.id_parqueadero=?
Hibernate: select facturaent0_.id_factura as id_factu1_0_, facturaent0_.cilindraje as cilindra2_0_, facturaent0_.estado as estado3_0_, facturaent0_.hora_ingreso as hora_ing4_0_, facturaent0_.hora_salida as hora_sal5_0_, facturaent0_.pago_total as pago_tot6_0_, facturaent0_.placa as placa7_0_, facturaent0_.tipo_vehiculo as tipo_veh8_0_ from factura facturaent0_ where facturaent0_.placa=? and facturaent0_.estado=?
Hibernate: select parqueader0_.id_parqueadero as id_parqu1_1_, parqueader0_.num_celdas_carro as num_celd2_1_, parqueader0_.num_celdas_moto as num_celd3_1_, parqueader0_.precio_dia_carro as precio_d4_1_, parqueader0_.precio_dia_moto as precio_d5_1_, parqueader0_.precio_hora_carro as precio_h6_1_, parqueader0_.precio_hora_moto as precio_h7_1_ from parqueadero parqueader0_ where parqueader0_.id_parqueadero=?
Hibernate: insert into factura (cilindraje, estado, hora_ingreso, hora_salida, pago_total, placa, tipo_vehiculo) values (?, ?, ?, ?, ?, ?, ?)
Hibernate: update parqueadero set num_celdas_carro=?, num_celdas_moto=?, precio_dia_carro=?, precio_dia_moto=?, precio_hora_carro=?, precio_hora_moto=? where id_parqueadero=?
Hibernate: select parqueader0_.id_parqueadero as id_parqu1_1_, parqueader0_.num_celdas_carro as num_celd2_1_, parqueader0_.num_celdas_moto as num_celd3_1_, parqueader0_.precio_dia_carro as precio_d4_1_, parqueader0_.precio_dia_moto as precio_d5_1_, parqueader0_.precio_hora_carro as precio_h6_1_, parqueader0_.precio_hora_moto as precio_h7_1_ from parqueadero parqueader0_ where parqueader0_.id_parqueadero=?
Hibernate: select facturaent0_.id_factura as id_factu1_0_, facturaent0_.cilindraje as cilindra2_0_, facturaent0_.estado as estado3_0_, facturaent0_.hora_ingreso as hora_ing4_0_, facturaent0_.hora_salida as hora_sal5_0_, facturaent0_.pago_total as pago_tot6_0_, facturaent0_.placa as placa7_0_, facturaent0_.tipo_vehiculo as tipo_veh8_0_ from factura facturaent0_ where facturaent0_.placa=? and facturaent0_.estado=?
Hibernate: select facturaent0_.id_factura as id_factu1_0_, facturaent0_.cilindraje as cilindra2_0_, facturaent0_.estado as estado3_0_, facturaent0_.hora_ingreso as hora_ing4_0_, facturaent0_.hora_salida as hora_sal5_0_, facturaent0_.pago_total as pago_tot6_0_, facturaent0_.placa as placa7_0_, facturaent0_.tipo_vehiculo as tipo_veh8_0_ from factura facturaent0_
Hibernate: select parqueader0_.id_parqueadero as id_parqu1_1_, parqueader0_.num_celdas_carro as num_celd2_1_, parqueader0_.num_celdas_moto as num_celd3_1_, parqueader0_.precio_dia_carro as precio_d4_1_, parqueader0_.precio_dia_moto as precio_d5_1_, parqueader0_.precio_hora_carro as precio_h6_1_, parqueader0_.precio_hora_moto as precio_h7_1_ from parqueadero parqueader0_ where parqueader0_.id_parqueadero=?
2018-03-06 08:39:44.053  INFO 12280 --- [    Test worker] o.s.t.c.transaction.TransactionContext   : Rolled back transaction for test context [DefaultTestContext@1d3b03d testClass = MeterVehiculoTest, testInstance = com.example.demo.servicios.MeterVehiculoTest@78b1d2a6, testMethod = testCarroYaIngresado@MeterVehiculoTest, testException = [null], mergedContextConfiguration = [WebMergedContextConfiguration@54cb24a5 testClass = MeterVehiculoTest, locations = '{}', classes = '{class com.parqueadero.ParqueaderoApplication, class com.parqueadero.ParqueaderoApplication}', contextInitializerClasses = '[]', activeProfiles = '{}', propertySourceLocations = '{}', propertySourceProperties = '{org.springframework.boot.test.context.SpringBootTestContextBootstrapper=true}', contextCustomizers = set[org.springframework.boot.test.context.SpringBootTestContextCustomizer@666bfb6f, org.springframework.boot.test.context.filter.ExcludeFilterContextCustomizer@696b5a18, org.springframework.boot.test.json.DuplicateJsonObjectContextCustomizerFactory$DuplicateJsonObjectContextCustomizer@1111dc9c, org.springframework.boot.test.mock.mockito.MockitoContextCustomizer@0, org.springframework.boot.test.autoconfigure.properties.PropertyMappingContextCustomizer@0, org.springframework.boot.test.autoconfigure.web.servlet.WebDriverContextCustomizerFactory$Customizer@3bf20041], resourceBasePath = 'src/main/webapp', contextLoader = 'org.springframework.boot.test.context.SpringBootContextLoader', parent = [null]]].
2018-03-06 08:39:44.053  INFO 12280 --- [    Test worker] o.s.t.c.transaction.TransactionContext   : Began transaction (1) for test context [DefaultTestContext@1d3b03d testClass = MeterVehiculoTest, testInstance = com.example.demo.servicios.MeterVehiculoTest@7933686, testMethod = testVerificarCeldasDisponiblesParaEnCarro@MeterVehiculoTest, testException = [null], mergedContextConfiguration = [WebMergedContextConfiguration@54cb24a5 testClass = MeterVehiculoTest, locations = '{}', classes = '{class com.parqueadero.ParqueaderoApplication, class com.parqueadero.ParqueaderoApplication}', contextInitializerClasses = '[]', activeProfiles = '{}', propertySourceLocations = '{}', propertySourceProperties = '{org.springframework.boot.test.context.SpringBootTestContextBootstrapper=true}', contextCustomizers = set[org.springframework.boot.test.context.SpringBootTestContextCustomizer@666bfb6f, org.springframework.boot.test.context.filter.ExcludeFilterContextCustomizer@696b5a18, org.springframework.boot.test.json.DuplicateJsonObjectContextCustomizerFactory$DuplicateJsonObjectContextCustomizer@1111dc9c, org.springframework.boot.test.mock.mockito.MockitoContextCustomizer@0, org.springframework.boot.test.autoconfigure.properties.PropertyMappingContextCustomizer@0, org.springframework.boot.test.autoconfigure.web.servlet.WebDriverContextCustomizerFactory$Customizer@3bf20041], resourceBasePath = 'src/main/webapp', contextLoader = 'org.springframework.boot.test.context.SpringBootContextLoader', parent = [null]]]; transaction manager [org.springframework.orm.jpa.JpaTransactionManager@3e6815bb]; rollback [true]
Hibernate: select parqueader0_.id_parqueadero as id_parqu1_1_, parqueader0_.num_celdas_carro as num_celd2_1_, parqueader0_.num_celdas_moto as num_celd3_1_, parqueader0_.precio_dia_carro as precio_d4_1_, parqueader0_.precio_dia_moto as precio_d5_1_, parqueader0_.precio_hora_carro as precio_h6_1_, parqueader0_.precio_hora_moto as precio_h7_1_ from parqueadero parqueader0_ where parqueader0_.id_parqueadero=?
Hibernate: select facturaent0_.id_factura as id_factu1_0_, facturaent0_.cilindraje as cilindra2_0_, facturaent0_.estado as estado3_0_, facturaent0_.hora_ingreso as hora_ing4_0_, facturaent0_.hora_salida as hora_sal5_0_, facturaent0_.pago_total as pago_tot6_0_, facturaent0_.placa as placa7_0_, facturaent0_.tipo_vehiculo as tipo_veh8_0_ from factura facturaent0_
Hibernate: select parqueader0_.id_parqueadero as id_parqu1_1_, parqueader0_.num_celdas_carro as num_celd2_1_, parqueader0_.num_celdas_moto as num_celd3_1_, parqueader0_.precio_dia_carro as precio_d4_1_, parqueader0_.precio_dia_moto as precio_d5_1_, parqueader0_.precio_hora_carro as precio_h6_1_, parqueader0_.precio_hora_moto as precio_h7_1_ from parqueadero parqueader0_ where parqueader0_.id_parqueadero=?
2018-03-06 08:39:44.053  INFO 12280 --- [    Test worker] o.s.t.c.transaction.TransactionContext   : Rolled back transaction for test context [DefaultTestContext@1d3b03d testClass = MeterVehiculoTest, testInstance = com.example.demo.servicios.MeterVehiculoTest@7933686, testMethod = testVerificarCeldasDisponiblesParaEnCarro@MeterVehiculoTest, testException = [null], mergedContextConfiguration = [WebMergedContextConfiguration@54cb24a5 testClass = MeterVehiculoTest, locations = '{}', classes = '{class com.parqueadero.ParqueaderoApplication, class com.parqueadero.ParqueaderoApplication}', contextInitializerClasses = '[]', activeProfiles = '{}', propertySourceLocations = '{}', propertySourceProperties = '{org.springframework.boot.test.context.SpringBootTestContextBootstrapper=true}', contextCustomizers = set[org.springframework.boot.test.context.SpringBootTestContextCustomizer@666bfb6f, org.springframework.boot.test.context.filter.ExcludeFilterContextCustomizer@696b5a18, org.springframework.boot.test.json.DuplicateJsonObjectContextCustomizerFactory$DuplicateJsonObjectContextCustomizer@1111dc9c, org.springframework.boot.test.mock.mockito.MockitoContextCustomizer@0, org.springframework.boot.test.autoconfigure.properties.PropertyMappingContextCustomizer@0, org.springframework.boot.test.autoconfigure.web.servlet.WebDriverContextCustomizerFactory$Customizer@3bf20041], resourceBasePath = 'src/main/webapp', contextLoader = 'org.springframework.boot.test.context.SpringBootContextLoader', parent = [null]]].
]]></system-out>
  <system-err><![CDATA[Tue Mar 06 08:39:40 COT 2018 WARN: Establishing SSL connection without server's identity verification is not recommended. According to MySQL 5.5.45+, 5.6.26+ and 5.7.6+ requirements SSL connection must be established by default if explicit option isn't set. For compliance with existing applications not using SSL the verifyServerCertificate property is set to 'false'. You need either to explicitly disable SSL by setting useSSL=false, or set useSSL=true and provide truststore for server certificate verification.
Tue Mar 06 08:39:40 COT 2018 WARN: Establishing SSL connection without server's identity verification is not recommended. According to MySQL 5.5.45+, 5.6.26+ and 5.7.6+ requirements SSL connection must be established by default if explicit option isn't set. For compliance with existing applications not using SSL the verifyServerCertificate property is set to 'false'. You need either to explicitly disable SSL by setting useSSL=false, or set useSSL=true and provide truststore for server certificate verification.
Tue Mar 06 08:39:40 COT 2018 WARN: Establishing SSL connection without server's identity verification is not recommended. According to MySQL 5.5.45+, 5.6.26+ and 5.7.6+ requirements SSL connection must be established by default if explicit option isn't set. For compliance with existing applications not using SSL the verifyServerCertificate property is set to 'false'. You need either to explicitly disable SSL by setting useSSL=false, or set useSSL=true and provide truststore for server certificate verification.
Tue Mar 06 08:39:40 COT 2018 WARN: Establishing SSL connection without server's identity verification is not recommended. According to MySQL 5.5.45+, 5.6.26+ and 5.7.6+ requirements SSL connection must be established by default if explicit option isn't set. For compliance with existing applications not using SSL the verifyServerCertificate property is set to 'false'. You need either to explicitly disable SSL by setting useSSL=false, or set useSSL=true and provide truststore for server certificate verification.
Tue Mar 06 08:39:40 COT 2018 WARN: Establishing SSL connection without server's identity verification is not recommended. According to MySQL 5.5.45+, 5.6.26+ and 5.7.6+ requirements SSL connection must be established by default if explicit option isn't set. For compliance with existing applications not using SSL the verifyServerCertificate property is set to 'false'. You need either to explicitly disable SSL by setting useSSL=false, or set useSSL=true and provide truststore for server certificate verification.
Tue Mar 06 08:39:40 COT 2018 WARN: Establishing SSL connection without server's identity verification is not recommended. According to MySQL 5.5.45+, 5.6.26+ and 5.7.6+ requirements SSL connection must be established by default if explicit option isn't set. For compliance with existing applications not using SSL the verifyServerCertificate property is set to 'false'. You need either to explicitly disable SSL by setting useSSL=false, or set useSSL=true and provide truststore for server certificate verification.
Tue Mar 06 08:39:40 COT 2018 WARN: Establishing SSL connection without server's identity verification is not recommended. According to MySQL 5.5.45+, 5.6.26+ and 5.7.6+ requirements SSL connection must be established by default if explicit option isn't set. For compliance with existing applications not using SSL the verifyServerCertificate property is set to 'false'. You need either to explicitly disable SSL by setting useSSL=false, or set useSSL=true and provide truststore for server certificate verification.
Tue Mar 06 08:39:40 COT 2018 WARN: Establishing SSL connection without server's identity verification is not recommended. According to MySQL 5.5.45+, 5.6.26+ and 5.7.6+ requirements SSL connection must be established by default if explicit option isn't set. For compliance with existing applications not using SSL the verifyServerCertificate property is set to 'false'. You need either to explicitly disable SSL by setting useSSL=false, or set useSSL=true and provide truststore for server certificate verification.
Tue Mar 06 08:39:40 COT 2018 WARN: Establishing SSL connection without server's identity verification is not recommended. According to MySQL 5.5.45+, 5.6.26+ and 5.7.6+ requirements SSL connection must be established by default if explicit option isn't set. For compliance with existing applications not using SSL the verifyServerCertificate property is set to 'false'. You need either to explicitly disable SSL by setting useSSL=false, or set useSSL=true and provide truststore for server certificate verification.
Tue Mar 06 08:39:40 COT 2018 WARN: Establishing SSL connection without server's identity verification is not recommended. According to MySQL 5.5.45+, 5.6.26+ and 5.7.6+ requirements SSL connection must be established by default if explicit option isn't set. For compliance with existing applications not using SSL the verifyServerCertificate property is set to 'false'. You need either to explicitly disable SSL by setting useSSL=false, or set useSSL=true and provide truststore for server certificate verification.
]]></system-err>
</testsuite>
